#
# There is insufficient memory for the Java Runtime Environment to continue.
# Native memory allocation (mmap) failed to map 65536 bytes for committing reserved memory.
# Possible reasons:
#   The system is out of physical RAM or swap space
#   The process is running with CompressedOops enabled, and the Java Heap may be blocking the growth of the native heap
# Possible solutions:
#   Reduce memory load on the system
#   Increase physical memory or swap space
#   Check if swap backing store is full
#   Decrease Java heap size (-Xmx/-Xms)
#   Decrease number of Java threads
#   Decrease Java thread stack sizes (-Xss)
#   Set larger code cache with -XX:ReservedCodeCacheSize=
#   JVM is running with Unscaled Compressed Oops mode in which the Java heap is
#     placed in the first 4GB address space. The Java Heap base address is the
#     maximum limit for the native heap growth. Please use -XX:HeapBaseMinAddress
#     to set the Java Heap base and to place the Java Heap above 4GB virtual address.
# This output file may be truncated or incomplete.
#
#  Out of Memory Error (os_linux.cpp:2706), pid=3013, tid=3021
#
# JRE version: OpenJDK Runtime Environment (10.0.2+13) (build 10.0.2+13-Ubuntu-1ubuntu0.18.04.2)
# Java VM: OpenJDK 64-Bit Server VM (10.0.2+13-Ubuntu-1ubuntu0.18.04.2, mixed mode, tiered, compressed oops, serial gc, linux-amd64)
# Core dump will be written. Default location: Core dumps may be processed with "/usr/share/apport/apport %p %s %c %d %P" (or dumping to /home/vagrant/Documents/handouts/restboot/core.3013)
#

---------------  S U M M A R Y ------------

Command Line: org.morehouse.restapp.RestappApplication

Host: Intel(R) Core(TM) i5-8259U CPU @ 2.30GHz, 1 cores, 985M, Ubuntu 18.04.1 LTS
Time: Thu Oct 18 15:36:04 2018 CDT elapsed time: 9 seconds (0d 0h 0m 9s)

---------------  T H R E A D  ---------------

Current thread (0x00007f5c880a4000):  JavaThread "C1 CompilerThread1" daemon [_thread_in_vm, id=3021, stack(0x00007f5c6e755000,0x00007f5c6e856000)]


Current CompileTask:
C1:   9280 2078       3       com.sun.org.apache.xerces.internal.util.XMLChar::isSpace (22 bytes)

Stack: [0x00007f5c6e755000,0x00007f5c6e856000],  sp=0x00007f5c6e854100,  free space=1020k
Native frames: (J=compiled Java code, A=aot compiled Java code, j=interpreted, Vv=VM code, C=native code)
V  [libjvm.so+0xd27e04]
V  [libjvm.so+0xd289ab]
V  [libjvm.so+0x64d415]
V  [libjvm.so+0xb2d5d2]
V  [libjvm.so+0xb25caf]
V  [libjvm.so+0xd1fc17]
V  [libjvm.so+0x7dd69d]
V  [libjvm.so+0x5ca57a]
V  [libjvm.so+0xafe7a8]
V  [libjvm.so+0x5447b2]
V  [libjvm.so+0x477cad]
V  [libjvm.so+0x477fdf]
V  [libjvm.so+0x4788be]
V  [libjvm.so+0x609803]
V  [libjvm.so+0x60ad28]
V  [libjvm.so+0xcc55d3]
V  [libjvm.so+0xb33ca0]
C  [libpthread.so.0+0x76db]  start_thread+0xdb


---------------  P R O C E S S  ---------------

Threads class SMR info:
_java_thread_list=0x00007f5c580295f0, length=12, elements={
0x00007f5c88013000, 0x00007f5c8808c800, 0x00007f5c8808e800, 0x00007f5c88097800,
0x00007f5c880a2000, 0x00007f5c880a4000, 0x00007f5c880a6000, 0x00007f5c88106000,
0x00007f5c880c6800, 0x00007f5c88768800, 0x00007f5c5c178000, 0x00007f5c58029000
}

Java Threads: ( => current thread )
  0x00007f5c88013000 JavaThread "main" [_thread_blocked, id=3015, stack(0x00007f5c90346000,0x00007f5c90447000)]
  0x00007f5c8808c800 JavaThread "Reference Handler" daemon [_thread_blocked, id=3017, stack(0x00007f5c8c268000,0x00007f5c8c369000)]
  0x00007f5c8808e800 JavaThread "Finalizer" daemon [_thread_blocked, id=3018, stack(0x00007f5c8c167000,0x00007f5c8c268000)]
  0x00007f5c88097800 JavaThread "Signal Dispatcher" daemon [_thread_blocked, id=3019, stack(0x00007f5c8c066000,0x00007f5c8c167000)]
  0x00007f5c880a2000 JavaThread "C2 CompilerThread0" daemon [_thread_in_native, id=3020, stack(0x00007f5c6e856000,0x00007f5c6e957000)]
=>0x00007f5c880a4000 JavaThread "C1 CompilerThread1" daemon [_thread_in_vm, id=3021, stack(0x00007f5c6e755000,0x00007f5c6e856000)]
  0x00007f5c880a6000 JavaThread "Sweeper thread" daemon [_thread_blocked, id=3022, stack(0x00007f5c6e654000,0x00007f5c6e755000)]
  0x00007f5c88106000 JavaThread "Service Thread" daemon [_thread_blocked, id=3023, stack(0x00007f5c6e553000,0x00007f5c6e654000)]
  0x00007f5c880c6800 JavaThread "Common-Cleaner" daemon [_thread_blocked, id=3025, stack(0x00007f5c6e350000,0x00007f5c6e451000)]
  0x00007f5c88768800 JavaThread "Thread-0" [_thread_blocked, id=3026, stack(0x00007f5c6d61a000,0x00007f5c6d71b000)]
  0x00007f5c5c178000 JavaThread "restartedMain" [_thread_in_Java, id=3027, stack(0x00007f5c6d519000,0x00007f5c6d61a000)]
  0x00007f5c58029000 JavaThread "background-preinit" [_thread_blocked, id=3028, stack(0x00007f5c6d418000,0x00007f5c6d519000)]

Other Threads:
  0x00007f5c88082800 VMThread "VM Thread" [stack: 0x00007f5c8c36b000,0x00007f5c8c46b000] [id=3016]
  0x00007f5c88108000 WatcherThread [stack: 0x00007f5c6e453000,0x00007f5c6e553000] [id=3024]

Threads with active compile tasks:
C2 CompilerThread02020   !   4       jdk.internal.loader.BuiltinClassLoader::loadClassOrNull (143 bytes)
C1 CompilerThread12078       3       com.sun.org.apache.xerces.internal.util.XMLChar::isSpace (22 bytes)

VM state:not at safepoint (normal execution)

VM Mutex/Monitor currently owned by a thread:  ([mutex/lock_event])
[0x00007f5c8800ebf0] CodeCache_lock - owner thread: 0x00007f5c880a4000
[0x00007f5c88010420] Compile_lock - owner thread: 0x00007f5c880a4000
[0x00007f5c880105d0] MethodCompileQueue_lock - owner thread: 0x00007f5c880a4000

Heap address: 0x00000000f0800000, size: 248 MB, Compressed Oops mode: 32-bit
Narrow klass base: 0x0000000000000000, Narrow klass shift: 3
Compressed class space size: 1073741824 Address: 0x0000000100000000

Heap:
 def new generation   total 5824K, used 1611K [0x00000000f0800000, 0x00000000f0e50000, 0x00000000f5aa0000)
  eden space 5184K,  20% used [0x00000000f0800000, 0x00000000f0908a00, 0x00000000f0d10000)
  from space 640K,  86% used [0x00000000f0d10000, 0x00000000f0d9a478, 0x00000000f0db0000)
  to   space 640K,   0% used [0x00000000f0db0000, 0x00000000f0db0000, 0x00000000f0e50000)
 tenured generation   total 12844K, used 9534K [0x00000000f5aa0000, 0x00000000f672b000, 0x0000000100000000)
   the space 12844K,  74% used [0x00000000f5aa0000, 0x00000000f63ef948, 0x00000000f63efa00, 0x00000000f672b000)
 Metaspace       used 28411K, capacity 28959K, committed 29568K, reserved 1075200K
  class space    used 3116K, capacity 3334K, committed 3456K, reserved 1048576K

Card table byte_map: [0x00007f5c902bd000,0x00007f5c9033a000] byte_map_base: 0x00007f5c8fb39000

Polling page: 0x00007f5c90459000

CodeHeap 'non-profiled nmethods': size=120036Kb used=718Kb max_used=718Kb free=119318Kb
 bounds [0x00007f5c775ed000, 0x00007f5c7785d000, 0x00007f5c7eb26000]
CodeHeap 'profiled nmethods': size=120032Kb used=3708Kb max_used=3708Kb free=116323Kb
 bounds [0x00007f5c700b5000, 0x00007f5c70455000, 0x00007f5c775ed000]
CodeHeap 'non-nmethods': size=5692Kb used=1108Kb max_used=1127Kb free=4584Kb
 bounds [0x00007f5c6fb26000, 0x00007f5c6fd96000, 0x00007f5c700b5000]
 total_blobs=2870 nmethods=1965 adapters=355
 compilation: enabled

Compilation events (10 events):
Event: 8.275 Thread 0x00007f5c880a4000 nmethod 2070 0x00007f5c70452c10 code [0x00007f5c70452e00, 0x00007f5c70453238]
Event: 8.410 Thread 0x00007f5c880a4000 2073       3       java.util.ArrayList::<init> (12 bytes)
Event: 8.543 Thread 0x00007f5c880a4000 nmethod 2073 0x00007f5c70453410 code [0x00007f5c704535e0, 0x00007f5c70453870]
Event: 8.556 Thread 0x00007f5c880a4000 2075       3       com.sun.org.apache.xerces.internal.util.XMLChar::isContent (35 bytes)
Event: 8.573 Thread 0x00007f5c880a4000 nmethod 2075 0x00007f5c70453990 code [0x00007f5c70453b40, 0x00007f5c70453db0]
Event: 8.573 Thread 0x00007f5c880a4000 2071   !   3       com.sun.proxy.$Proxy2::annotationType (29 bytes)
Event: 8.589 Thread 0x00007f5c880a4000 nmethod 2071 0x00007f5c70453e90 code [0x00007f5c70454080, 0x00007f5c704544b8]
Event: 8.875 Thread 0x00007f5c880a4000 2076       3       com.sun.org.apache.xerces.internal.impl.XMLEntityScanner::checkEntityLimit (50 bytes)
Event: 9.166 Thread 0x00007f5c880a4000 nmethod 2076 0x00007f5c70454690 code [0x00007f5c70454880, 0x00007f5c70454cf8]
Event: 9.175 Thread 0x00007f5c880a4000 2078       3       com.sun.org.apache.xerces.internal.util.XMLChar::isSpace (22 bytes)

GC Heap History (10 events):
Event: 3.742 GC heap before
{Heap before GC invocations=23 (full 1):
 def new generation   total 5824K, used 5640K [0x00000000f0800000, 0x00000000f0e50000, 0x00000000f5aa0000)
  eden space 5184K, 100% used [0x00000000f0800000, 0x00000000f0d10000, 0x00000000f0d10000)
  from space 640K,  71% used [0x00000000f0db0000, 0x00000000f0e222c8, 0x00000000f0e50000)
  to   space 640K,   0% used [0x00000000f0d10000, 0x00000000f0d10000, 0x00000000f0db0000)
 tenured generation   total 12844K, used 7706K [0x00000000f5aa0000, 0x00000000f672b000, 0x0000000100000000)
   the space 12844K,  59% used [0x00000000f5aa0000, 0x00000000f6226990, 0x00000000f6226a00, 0x00000000f672b000)
 Metaspace       used 23167K, capacity 23653K, committed 23936K, reserved 1071104K
  class space    used 2497K, capacity 2685K, committed 2688K, reserved 1048576K
}
Event: 3.754 GC heap after
{Heap after GC invocations=24 (full 1):
 def new generation   total 5824K, used 394K [0x00000000f0800000, 0x00000000f0e50000, 0x00000000f5aa0000)
  eden space 5184K,   0% used [0x00000000f0800000, 0x00000000f0800000, 0x00000000f0d10000)
  from space 640K,  61% used [0x00000000f0d10000, 0x00000000f0d728f8, 0x00000000f0db0000)
  to   space 640K,   0% used [0x00000000f0db0000, 0x00000000f0db0000, 0x00000000f0e50000)
 tenured generation   total 12844K, used 8070K [0x00000000f5aa0000, 0x00000000f672b000, 0x0000000100000000)
   the space 12844K,  62% used [0x00000000f5aa0000, 0x00000000f6281928, 0x00000000f6281a00, 0x00000000f672b000)
 Metaspace       used 23167K, capacity 23653K, committed 23936K, reserved 1071104K
  class space    used 2497K, capacity 2685K, committed 2688K, reserved 1048576K
}
Event: 3.874 GC heap before
{Heap before GC invocations=24 (full 1):
 def new generation   total 5824K, used 5578K [0x00000000f0800000, 0x00000000f0e50000, 0x00000000f5aa0000)
  eden space 5184K, 100% used [0x00000000f0800000, 0x00000000f0d10000, 0x00000000f0d10000)
  from space 640K,  61% used [0x00000000f0d10000, 0x00000000f0d728f8, 0x00000000f0db0000)
  to   space 640K,   0% used [0x00000000f0db0000, 0x00000000f0db0000, 0x00000000f0e50000)
 tenured generation   total 12844K, used 8070K [0x00000000f5aa0000, 0x00000000f672b000, 0x0000000100000000)
   the space 12844K,  62% used [0x00000000f5aa0000, 0x00000000f6281928, 0x00000000f6281a00, 0x00000000f672b000)
 Metaspace       used 24190K, capacity 24645K, committed 25088K, reserved 1071104K
  class space    used 2608K, capacity 2781K, committed 2816K, reserved 1048576K
}
Event: 3.878 GC heap after
{Heap after GC invocations=25 (full 1):
 def new generation   total 5824K, used 178K [0x00000000f0800000, 0x00000000f0e50000, 0x00000000f5aa0000)
  eden space 5184K,   0% used [0x00000000f0800000, 0x00000000f0800000, 0x00000000f0d10000)
  from space 640K,  27% used [0x00000000f0db0000, 0x00000000f0ddc9e0, 0x00000000f0e50000)
  to   space 640K,   0% used [0x00000000f0d10000, 0x00000000f0d10000, 0x00000000f0db0000)
 tenured generation   total 12844K, used 8462K [0x00000000f5aa0000, 0x00000000f672b000, 0x0000000100000000)
   the space 12844K,  65% used [0x00000000f5aa0000, 0x00000000f62e3808, 0x00000000f62e3a00, 0x00000000f672b000)
 Metaspace       used 24190K, capacity 24645K, committed 25088K, reserved 1071104K
  class space    used 2608K, capacity 2781K, committed 2816K, reserved 1048576K
}
Event: 4.100 GC heap before
{Heap before GC invocations=25 (full 1):
 def new generation   total 5824K, used 5362K [0x00000000f0800000, 0x00000000f0e50000, 0x00000000f5aa0000)
  eden space 5184K, 100% used [0x00000000f0800000, 0x00000000f0d10000, 0x00000000f0d10000)
  from space 640K,  27% used [0x00000000f0db0000, 0x00000000f0ddc9e0, 0x00000000f0e50000)
  to   space 640K,   0% used [0x00000000f0d10000, 0x00000000f0d10000, 0x00000000f0db0000)
 tenured generation   total 12844K, used 8462K [0x00000000f5aa0000, 0x00000000f672b000, 0x0000000100000000)
   the space 12844K,  65% used [0x00000000f5aa0000, 0x00000000f62e3808, 0x00000000f62e3a00, 0x00000000f672b000)
 Metaspace       used 25313K, capacity 25814K, committed 26368K, reserved 1073152K
  class space    used 2772K, capacity 2990K, committed 3072K, reserved 1048576K
}
Event: 4.105 GC heap after
{Heap after GC invocations=26 (full 1):
 def new generation   total 5824K, used 580K [0x00000000f0800000, 0x00000000f0e50000, 0x00000000f5aa0000)
  eden space 5184K,   0% used [0x00000000f0800000, 0x00000000f0800000, 0x00000000f0d10000)
  from space 640K,  90% used [0x00000000f0d10000, 0x00000000f0da10a8, 0x00000000f0db0000)
  to   space 640K,   0% used [0x00000000f0db0000, 0x00000000f0db0000, 0x00000000f0e50000)
 tenured generation   total 12844K, used 8462K [0x00000000f5aa0000, 0x00000000f672b000, 0x0000000100000000)
   the space 12844K,  65% used [0x00000000f5aa0000, 0x00000000f62e3808, 0x00000000f62e3a00, 0x00000000f672b000)
 Metaspace       used 25313K, capacity 25814K, committed 26368K, reserved 1073152K
  class space    used 2772K, capacity 2990K, committed 3072K, reserved 1048576K
}
Event: 4.683 GC heap before
{Heap before GC invocations=26 (full 1):
 def new generation   total 5824K, used 5764K [0x00000000f0800000, 0x00000000f0e50000, 0x00000000f5aa0000)
  eden space 5184K, 100% used [0x00000000f0800000, 0x00000000f0d10000, 0x00000000f0d10000)
  from space 640K,  90% used [0x00000000f0d10000, 0x00000000f0da10a8, 0x00000000f0db0000)
  to   space 640K,   0% used [0x00000000f0db0000, 0x00000000f0db0000, 0x00000000f0e50000)
 tenured generation   total 12844K, used 8462K [0x00000000f5aa0000, 0x00000000f672b000, 0x0000000100000000)
   the space 12844K,  65% used [0x00000000f5aa0000, 0x00000000f62e3808, 0x00000000f62e3a00, 0x00000000f672b000)
 Metaspace       used 26304K, capacity 26768K, committed 27264K, reserved 1073152K
  class space    used 2874K, capacity 3095K, committed 3200K, reserved 1048576K
}
Event: 5.025 GC heap after
{Heap after GC invocations=27 (full 1):
 def new generation   total 5824K, used 510K [0x00000000f0800000, 0x00000000f0e50000, 0x00000000f5aa0000)
  eden space 5184K,   0% used [0x00000000f0800000, 0x00000000f0800000, 0x00000000f0d10000)
  from space 640K,  79% used [0x00000000f0db0000, 0x00000000f0e2f858, 0x00000000f0e50000)
  to   space 640K,   0% used [0x00000000f0d10000, 0x00000000f0d10000, 0x00000000f0db0000)
 tenured generation   total 12844K, used 9034K [0x00000000f5aa0000, 0x00000000f672b000, 0x0000000100000000)
   the space 12844K,  70% used [0x00000000f5aa0000, 0x00000000f6372bd0, 0x00000000f6372c00, 0x00000000f672b000)
 Metaspace       used 26304K, capacity 26768K, committed 27264K, reserved 1073152K
  class space    used 2874K, capacity 3095K, committed 3200K, reserved 1048576K
}
Event: 6.059 GC heap before
{Heap before GC invocations=27 (full 1):
 def new generation   total 5824K, used 5674K [0x00000000f0800000, 0x00000000f0e50000, 0x00000000f5aa0000)
  eden space 5184K,  99% used [0x00000000f0800000, 0x00000000f0d0b1c8, 0x00000000f0d10000)
  from space 640K,  79% used [0x00000000f0db0000, 0x00000000f0e2f858, 0x00000000f0e50000)
  to   space 640K,   0% used [0x00000000f0d10000, 0x00000000f0d10000, 0x00000000f0db0000)
 tenured generation   total 12844K, used 9034K [0x00000000f5aa0000, 0x00000000f672b000, 0x0000000100000000)
   the space 12844K,  70% used [0x00000000f5aa0000, 0x00000000f6372bd0, 0x00000000f6372c00, 0x00000000f672b000)
 Metaspace       used 28173K, capacity 28662K, committed 29184K, reserved 1075200K
  class space    used 3087K, capacity 3300K, committed 3328K, reserved 1048576K
}
Event: 6.086 GC heap after
{Heap after GC invocations=28 (full 1):
 def new generation   total 5824K, used 553K [0x00000000f0800000, 0x00000000f0e50000, 0x00000000f5aa0000)
  eden space 5184K,   0% used [0x00000000f0800000, 0x00000000f0800000, 0x00000000f0d10000)
  from space 640K,  86% used [0x00000000f0d10000, 0x00000000f0d9a478, 0x00000000f0db0000)
  to   space 640K,   0% used [0x00000000f0db0000, 0x00000000f0db0000, 0x00000000f0e50000)
 tenured generation   total 12844K, used 9534K [0x00000000f5aa0000, 0x00000000f672b000, 0x0000000100000000)
   the space 12844K,  74% used [0x00000000f5aa0000, 0x00000000f63ef948, 0x00000000f63efa00, 0x00000000f672b000)
 Metaspace       used 28173K, capacity 28662K, committed 29184K, reserved 1075200K
  class space    used 3087K, capacity 3300K, committed 3328K, reserved 1048576K
}

Deoptimization events (10 events):
Event: 2.011 Thread 0x00007f5c58029000 Uncommon trap: reason=class_check action=maybe_recompile pc=0x00007f5c7762e8f0 method=java.util.HashMap.putVal(ILjava/lang/Object;Ljava/lang/Object;ZZ)Ljava/lang/Object; @ 203 c2
Event: 2.084 Thread 0x00007f5c58029000 Uncommon trap: reason=unstable_if action=reinterpret pc=0x00007f5c775f63e4 method=sun.net.www.ParseUtil.firstEncodeIndex(Ljava/lang/String;)I @ 51 c2
Event: 2.160 Thread 0x00007f5c5c178000 Uncommon trap: reason=unstable_if action=reinterpret pc=0x00007f5c77634b2c method=java.util.HashMap.hash(Ljava/lang/Object;)I @ 1 c2
Event: 2.475 Thread 0x00007f5c58029000 Uncommon trap: reason=class_check action=maybe_recompile pc=0x00007f5c7764d52c method=java.util.HashMap.putVal(ILjava/lang/Object;Ljava/lang/Object;ZZ)Ljava/lang/Object; @ 203 c2
Event: 2.475 Thread 0x00007f5c58029000 Uncommon trap: reason=class_check action=maybe_recompile pc=0x00007f5c7764d52c method=java.util.HashMap.putVal(ILjava/lang/Object;Ljava/lang/Object;ZZ)Ljava/lang/Object; @ 203 c2
Event: 2.488 Thread 0x00007f5c5c178000 Uncommon trap: reason=intrinsic_or_type_checked_inlining action=make_not_entrant pc=0x00007f5c776631d8 method=java.util.Arrays.copyOf([Ljava/lang/Object;ILjava/lang/Class;)[Ljava/lang/Object; @ 35 c2
Event: 2.752 Thread 0x00007f5c58029000 Uncommon trap: reason=class_check action=maybe_recompile pc=0x00007f5c7762e8f0 method=java.util.HashMap.putVal(ILjava/lang/Object;Ljava/lang/Object;ZZ)Ljava/lang/Object; @ 203 c2
Event: 2.769 Thread 0x00007f5c58029000 Uncommon trap: reason=unstable_if action=reinterpret pc=0x00007f5c77638e90 method=java.util.concurrent.ConcurrentHashMap.get(Ljava/lang/Object;)Ljava/lang/Object; @ 76 c2
Event: 3.105 Thread 0x00007f5c5c178000 Uncommon trap: reason=unstable_if action=reinterpret pc=0x00007f5c7766b7bc method=java.nio.Buffer.limit(I)Ljava/nio/Buffer; @ 45 c2
Event: 5.031 Thread 0x00007f5c5c178000 Uncommon trap: reason=unstable_if action=reinterpret pc=0x00007f5c775ff020 method=java.lang.String.equals(Ljava/lang/Object;)Z @ 27 c2

Classes redefined (0 events):
No events

Internal exceptions (10 events):
Event: 4.173 Thread 0x00007f5c5c178000 Exception <a 'java/lang/ClassNotFoundException'{0x00000000f095a9a0}: org/springframework/beans/factory/groovy/GroovyBeanDefinitionReaderCustomizer> (0x00000000f095a9a0) thrown at [/build/openjdk-lts-xioZJb/openjdk-lts-10.0.2+13/src/hotspot/share/classfile
Event: 4.318 Thread 0x00007f5c5c178000 Exception <a 'java/lang/NoSuchMethodError'{0x00000000f0afede8}: method resolution failed> (0x00000000f0afede8) thrown at [/build/openjdk-lts-xioZJb/openjdk-lts-10.0.2+13/src/hotspot/share/prims/methodHandles.cpp, line 1226]
Event: 4.318 Thread 0x00007f5c5c178000 Exception <a 'java/lang/NoSuchMethodError'{0x00000000f0b07900}: java.lang.invoke.DirectMethodHandle$Holder.invokeSpecial(Ljava/lang/Object;Ljava/lang/Object;Ljava/lang/Object;Ljava/lang/Object;Ljava/lang/Object;II)Ljava/lang/Object;> (0x00000000f0b07900) 
Event: 5.448 Thread 0x00007f5c5c178000 Exception <a 'java/lang/ClassNotFoundException'{0x00000000f0bd4cc0}: java/lang/ObjectCustomizer> (0x00000000f0bd4cc0) thrown at [/build/openjdk-lts-xioZJb/openjdk-lts-10.0.2+13/src/hotspot/share/classfile/systemDictionary.cpp, line 233]
Event: 5.451 Thread 0x00007f5c5c178000 Exception <a 'java/lang/ClassNotFoundException'{0x00000000f0be50e0}: org/springframework/context/annotation/ConfigurationClassPostProcessorCustomizer> (0x00000000f0be50e0) thrown at [/build/openjdk-lts-xioZJb/openjdk-lts-10.0.2+13/src/hotspot/share/classf
Event: 5.626 Thread 0x00007f5c5c178000 Exception <a 'java/lang/ClassNotFoundException'{0x00000000f0c2c628}: org/springframework/beans/factory/support/BeanDefinitionRegistryPostProcessorCustomizer> (0x00000000f0c2c628) thrown at [/build/openjdk-lts-xioZJb/openjdk-lts-10.0.2+13/src/hotspot/share
Event: 5.629 Thread 0x00007f5c5c178000 Exception <a 'java/lang/ClassNotFoundException'{0x00000000f0c37870}: org/springframework/core/PriorityOrderedCustomizer> (0x00000000f0c37870) thrown at [/build/openjdk-lts-xioZJb/openjdk-lts-10.0.2+13/src/hotspot/share/classfile/systemDictionary.cpp, line
Event: 5.636 Thread 0x00007f5c5c178000 Exception <a 'java/lang/ClassNotFoundException'{0x00000000f0c426d0}: org/springframework/context/ResourceLoaderAwareCustomizer> (0x00000000f0c426d0) thrown at [/build/openjdk-lts-xioZJb/openjdk-lts-10.0.2+13/src/hotspot/share/classfile/systemDictionary.cp
Event: 5.637 Thread 0x00007f5c5c178000 Exception <a 'java/lang/ClassNotFoundException'{0x00000000f0c4f200}: org/springframework/beans/factory/BeanClassLoaderAwareCustomizer> (0x00000000f0c4f200) thrown at [/build/openjdk-lts-xioZJb/openjdk-lts-10.0.2+13/src/hotspot/share/classfile/systemDictio
Event: 5.639 Thread 0x00007f5c5c178000 Exception <a 'java/lang/ClassNotFoundException'{0x00000000f0c5b150}: org/springframework/context/EnvironmentAwareCustomizer> (0x00000000f0c5b150) thrown at [/build/openjdk-lts-xioZJb/openjdk-lts-10.0.2+13/src/hotspot/share/classfile/systemDictionary.cpp, 

Events (10 events):
Event: 8.285 loading class org/springframework/context/annotation/ComponentScanAnnotationParser$2 done
Event: 8.418 loading class javax/management/MBeanParameterInfo done
Event: 8.454 loading class org/springframework/context/annotation/ParserStrategyUtils
Event: 8.454 loading class org/springframework/context/annotation/ParserStrategyUtils done
Event: 8.459 loading class org/apache/tomcat/util/modeler/ManagedBean$1
Event: 8.459 loading class org/apache/tomcat/util/modeler/ManagedBean$1 done
Event: 8.507 loading class org/apache/tomcat/util/buf/StringUtils
Event: 8.507 loading class org/apache/tomcat/util/buf/StringUtils done
Event: 8.906 loading class org/springframework/context/annotation/ComponentScanAnnotationParser$1
Event: 8.912 loading class org/springframework/context/annotation/ComponentScanAnnotationParser$1 done


Dynamic libraries:
f0800000-f0e50000 rw-p 00000000 00:00 0 
f0e50000-f5aa0000 ---p 00000000 00:00 0 
f5aa0000-f672b000 rw-p 00000000 00:00 0 
f672b000-100000000 ---p 00000000 00:00 0 
100000000-100360000 rw-p 00000000 00:00 0 
100360000-140000000 ---p 00000000 00:00 0 
5629a4058000-5629a4059000 r-xp 00000000 08:01 1721112                    /usr/lib/jvm/java-11-openjdk-amd64/bin/java
5629a4259000-5629a425a000 r--p 00001000 08:01 1721112                    /usr/lib/jvm/java-11-openjdk-amd64/bin/java
5629a425a000-5629a425b000 rw-p 00002000 08:01 1721112                    /usr/lib/jvm/java-11-openjdk-amd64/bin/java
5629a53aa000-5629a53cb000 rw-p 00000000 00:00 0                          [heap]
7f5c50000000-7f5c50600000 rw-p 00000000 00:00 0 
7f5c50600000-7f5c54000000 ---p 00000000 00:00 0 
7f5c54000000-7f5c54021000 rw-p 00000000 00:00 0 
7f5c54021000-7f5c58000000 ---p 00000000 00:00 0 
7f5c58000000-7f5c58267000 rw-p 00000000 00:00 0 
7f5c58267000-7f5c5c000000 ---p 00000000 00:00 0 
7f5c5c000000-7f5c5d8f4000 rw-p 00000000 00:00 0 
7f5c5d8f4000-7f5c60000000 ---p 00000000 00:00 0 
7f5c60000000-7f5c60021000 rw-p 00000000 00:00 0 
7f5c60021000-7f5c64000000 ---p 00000000 00:00 0 
7f5c64000000-7f5c642fb000 rw-p 00000000 00:00 0 
7f5c642fb000-7f5c68000000 ---p 00000000 00:00 0 
7f5c68000000-7f5c68029000 rw-p 00000000 00:00 0 
7f5c68029000-7f5c6c000000 ---p 00000000 00:00 0 
7f5c6c618000-7f5c6c798000 rw-p 00000000 00:00 0 
7f5c6c798000-7f5c6c818000 ---p 00000000 00:00 0 
7f5c6c818000-7f5c6ca18000 rw-p 00000000 00:00 0 
7f5c6ca18000-7f5c6cc18000 rw-p 00000000 00:00 0 
7f5c6cc18000-7f5c6ce18000 rw-p 00000000 00:00 0 
7f5c6ce18000-7f5c6d018000 rw-p 00000000 00:00 0 
7f5c6d018000-7f5c6d218000 rw-p 00000000 00:00 0 
7f5c6d218000-7f5c6d418000 rw-p 00000000 00:00 0 
7f5c6d418000-7f5c6d41c000 ---p 00000000 00:00 0 
7f5c6d41c000-7f5c6d519000 rw-p 00000000 00:00 0 
7f5c6d519000-7f5c6d51d000 ---p 00000000 00:00 0 
7f5c6d51d000-7f5c6d61a000 rw-p 00000000 00:00 0 
7f5c6d61a000-7f5c6d61e000 ---p 00000000 00:00 0 
7f5c6d61e000-7f5c6d91b000 rw-p 00000000 00:00 0 
7f5c6d91b000-7f5c6d920000 r-xp 00000000 08:01 1853502                    /usr/lib/jvm/java-11-openjdk-amd64/lib/libmanagement_ext.so
7f5c6d920000-7f5c6db1f000 ---p 00005000 08:01 1853502                    /usr/lib/jvm/java-11-openjdk-amd64/lib/libmanagement_ext.so
7f5c6db1f000-7f5c6db20000 r--p 00004000 08:01 1853502                    /usr/lib/jvm/java-11-openjdk-amd64/lib/libmanagement_ext.so
7f5c6db20000-7f5c6db21000 rw-p 00005000 08:01 1853502                    /usr/lib/jvm/java-11-openjdk-amd64/lib/libmanagement_ext.so
7f5c6db21000-7f5c6db25000 r-xp 00000000 08:01 1853500                    /usr/lib/jvm/java-11-openjdk-amd64/lib/libmanagement.so
7f5c6db25000-7f5c6dd24000 ---p 00004000 08:01 1853500                    /usr/lib/jvm/java-11-openjdk-amd64/lib/libmanagement.so
7f5c6dd24000-7f5c6dd25000 r--p 00003000 08:01 1853500                    /usr/lib/jvm/java-11-openjdk-amd64/lib/libmanagement.so
7f5c6dd25000-7f5c6dd26000 rw-p 00004000 08:01 1853500                    /usr/lib/jvm/java-11-openjdk-amd64/lib/libmanagement.so
7f5c6dd26000-7f5c6df26000 rw-p 00000000 00:00 0 
7f5c6df26000-7f5c6df3d000 r-xp 00000000 08:01 1853504                    /usr/lib/jvm/java-11-openjdk-amd64/lib/libnet.so
7f5c6df3d000-7f5c6e13c000 ---p 00017000 08:01 1853504                    /usr/lib/jvm/java-11-openjdk-amd64/lib/libnet.so
7f5c6e13c000-7f5c6e13d000 r--p 00016000 08:01 1853504                    /usr/lib/jvm/java-11-openjdk-amd64/lib/libnet.so
7f5c6e13d000-7f5c6e13e000 rw-p 00017000 08:01 1853504                    /usr/lib/jvm/java-11-openjdk-amd64/lib/libnet.so
7f5c6e13e000-7f5c6e14f000 r-xp 00000000 08:01 1853505                    /usr/lib/jvm/java-11-openjdk-amd64/lib/libnio.so
7f5c6e14f000-7f5c6e34e000 ---p 00011000 08:01 1853505                    /usr/lib/jvm/java-11-openjdk-amd64/lib/libnio.so
7f5c6e34e000-7f5c6e34f000 r--p 00010000 08:01 1853505                    /usr/lib/jvm/java-11-openjdk-amd64/lib/libnio.so
7f5c6e34f000-7f5c6e350000 rw-p 00011000 08:01 1853505                    /usr/lib/jvm/java-11-openjdk-amd64/lib/libnio.so
7f5c6e350000-7f5c6e354000 ---p 00000000 00:00 0 
7f5c6e354000-7f5c6e451000 rw-p 00000000 00:00 0 
7f5c6e451000-7f5c6e452000 ---p 00000000 00:00 0 
7f5c6e452000-7f5c6e553000 rw-p 00000000 00:00 0 
7f5c6e553000-7f5c6e557000 ---p 00000000 00:00 0 
7f5c6e557000-7f5c6e654000 rw-p 00000000 00:00 0 
7f5c6e654000-7f5c6e658000 ---p 00000000 00:00 0 
7f5c6e658000-7f5c6e755000 rw-p 00000000 00:00 0 
7f5c6e755000-7f5c6e759000 ---p 00000000 00:00 0 
7f5c6e759000-7f5c6e856000 rw-p 00000000 00:00 0 
7f5c6e856000-7f5c6e85a000 ---p 00000000 00:00 0 
7f5c6e85a000-7f5c6e957000 rw-p 00000000 00:00 0 
7f5c6e957000-7f5c6f326000 r--p 00000000 08:01 1710683                    /usr/lib/locale/locale-archive
7f5c6f326000-7f5c6fb26000 rw-p 00000000 00:00 0 
7f5c6fb26000-7f5c6fd96000 rwxp 00000000 00:00 0 
7f5c6fd96000-7f5c700b5000 ---p 00000000 00:00 0 
7f5c700b5000-7f5c70455000 rwxp 00000000 00:00 0 
7f5c70465000-7f5c775ed000 ---p 00000000 00:00 0 
7f5c775ed000-7f5c7785d000 rwxp 00000000 00:00 0 
7f5c7785d000-7f5c7eb26000 ---p 00000000 00:00 0 
7f5c7eb26000-7f5c88000000 r--s 00000000 08:01 1853514                    /usr/lib/jvm/java-11-openjdk-amd64/lib/modules
7f5c88000000-7f5c8876e000 rw-p 00000000 00:00 0 
7f5c8876e000-7f5c8c000000 ---p 00000000 00:00 0 
7f5c8c035000-7f5c8c066000 rw-p 00000000 00:00 0 
7f5c8c066000-7f5c8c06a000 ---p 00000000 00:00 0 
7f5c8c06a000-7f5c8c167000 rw-p 00000000 00:00 0 
7f5c8c167000-7f5c8c16b000 ---p 00000000 00:00 0 
7f5c8c16b000-7f5c8c268000 rw-p 00000000 00:00 0 
7f5c8c268000-7f5c8c26c000 ---p 00000000 00:00 0 
7f5c8c26c000-7f5c8c369000 rw-p 00000000 00:00 0 
7f5c8c369000-7f5c8c36a000 ---p 00000000 00:00 0 
7f5c8c36a000-7f5c8c569000 rw-p 00000000 00:00 0 
7f5c8c569000-7f5c8c64f000 ---p 00000000 00:00 0 
7f5c8c64f000-7f5c8c657000 rw-p 00000000 00:00 0 
7f5c8c657000-7f5c8c73a000 ---p 00000000 00:00 0 
7f5c8c73a000-7f5c8c73f000 r-xp 00000000 08:01 1853496                    /usr/lib/jvm/java-11-openjdk-amd64/lib/libjimage.so
7f5c8c73f000-7f5c8c93e000 ---p 00005000 08:01 1853496                    /usr/lib/jvm/java-11-openjdk-amd64/lib/libjimage.so
7f5c8c93e000-7f5c8c93f000 r--p 00004000 08:01 1853496                    /usr/lib/jvm/java-11-openjdk-amd64/lib/libjimage.so
7f5c8c93f000-7f5c8c940000 rw-p 00005000 08:01 1853496                    /usr/lib/jvm/java-11-openjdk-amd64/lib/libjimage.so
7f5c8c940000-7f5c8c947000 r-xp 00000000 08:01 1853513                    /usr/lib/jvm/java-11-openjdk-amd64/lib/libzip.so
7f5c8c947000-7f5c8cb46000 ---p 00007000 08:01 1853513                    /usr/lib/jvm/java-11-openjdk-amd64/lib/libzip.so
7f5c8cb46000-7f5c8cb47000 r--p 00006000 08:01 1853513                    /usr/lib/jvm/java-11-openjdk-amd64/lib/libzip.so
7f5c8cb47000-7f5c8cb48000 rw-p 00007000 08:01 1853513                    /usr/lib/jvm/java-11-openjdk-amd64/lib/libzip.so
7f5c8cb48000-7f5c8cb53000 r-xp 00000000 08:01 792266                     /lib/x86_64-linux-gnu/libnss_files-2.27.so
7f5c8cb53000-7f5c8cd52000 ---p 0000b000 08:01 792266                     /lib/x86_64-linux-gnu/libnss_files-2.27.so
7f5c8cd52000-7f5c8cd53000 r--p 0000a000 08:01 792266                     /lib/x86_64-linux-gnu/libnss_files-2.27.so
7f5c8cd53000-7f5c8cd54000 rw-p 0000b000 08:01 792266                     /lib/x86_64-linux-gnu/libnss_files-2.27.so
7f5c8cd54000-7f5c8cd5a000 rw-p 00000000 00:00 0 
7f5c8cd5a000-7f5c8cd71000 r-xp 00000000 08:01 792260                     /lib/x86_64-linux-gnu/libnsl-2.27.so
7f5c8cd71000-7f5c8cf70000 ---p 00017000 08:01 792260                     /lib/x86_64-linux-gnu/libnsl-2.27.so
7f5c8cf70000-7f5c8cf71000 r--p 00016000 08:01 792260                     /lib/x86_64-linux-gnu/libnsl-2.27.so
7f5c8cf71000-7f5c8cf72000 rw-p 00017000 08:01 792260                     /lib/x86_64-linux-gnu/libnsl-2.27.so
7f5c8cf72000-7f5c8cf74000 rw-p 00000000 00:00 0 
7f5c8cf74000-7f5c8cf7f000 r-xp 00000000 08:01 792277                     /lib/x86_64-linux-gnu/libnss_nis-2.27.so
7f5c8cf7f000-7f5c8d17e000 ---p 0000b000 08:01 792277                     /lib/x86_64-linux-gnu/libnss_nis-2.27.so
7f5c8d17e000-7f5c8d17f000 r--p 0000a000 08:01 792277                     /lib/x86_64-linux-gnu/libnss_nis-2.27.so
7f5c8d17f000-7f5c8d180000 rw-p 0000b000 08:01 792277                     /lib/x86_64-linux-gnu/libnss_nis-2.27.so
7f5c8d180000-7f5c8d188000 r-xp 00000000 08:01 792262                     /lib/x86_64-linux-gnu/libnss_compat-2.27.so
7f5c8d188000-7f5c8d388000 ---p 00008000 08:01 792262                     /lib/x86_64-linux-gnu/libnss_compat-2.27.so
7f5c8d388000-7f5c8d389000 r--p 00008000 08:01 792262                     /lib/x86_64-linux-gnu/libnss_compat-2.27.so
7f5c8d389000-7f5c8d38a000 rw-p 00009000 08:01 792262                     /lib/x86_64-linux-gnu/libnss_compat-2.27.so
7f5c8d38a000-7f5c8d3b6000 r-xp 00000000 08:01 1853492                    /usr/lib/jvm/java-11-openjdk-amd64/lib/libjava.so
7f5c8d3b6000-7f5c8d5b5000 ---p 0002c000 08:01 1853492                    /usr/lib/jvm/java-11-openjdk-amd64/lib/libjava.so
7f5c8d5b5000-7f5c8d5b6000 r--p 0002b000 08:01 1853492                    /usr/lib/jvm/java-11-openjdk-amd64/lib/libjava.so
7f5c8d5b6000-7f5c8d5b8000 rw-p 0002c000 08:01 1853492                    /usr/lib/jvm/java-11-openjdk-amd64/lib/libjava.so
7f5c8d5b8000-7f5c8d5c5000 r-xp 00000000 08:01 1853512                    /usr/lib/jvm/java-11-openjdk-amd64/lib/libverify.so
7f5c8d5c5000-7f5c8d7c4000 ---p 0000d000 08:01 1853512                    /usr/lib/jvm/java-11-openjdk-amd64/lib/libverify.so
7f5c8d7c4000-7f5c8d7c6000 r--p 0000c000 08:01 1853512                    /usr/lib/jvm/java-11-openjdk-amd64/lib/libverify.so
7f5c8d7c6000-7f5c8d7c7000 rw-p 0000e000 08:01 1853512                    /usr/lib/jvm/java-11-openjdk-amd64/lib/libverify.so
7f5c8d7c7000-7f5c8d7ce000 r-xp 00000000 08:01 792317                     /lib/x86_64-linux-gnu/librt-2.27.so
7f5c8d7ce000-7f5c8d9cd000 ---p 00007000 08:01 792317                     /lib/x86_64-linux-gnu/librt-2.27.so
7f5c8d9cd000-7f5c8d9ce000 r--p 00006000 08:01 792317                     /lib/x86_64-linux-gnu/librt-2.27.so
7f5c8d9ce000-7f5c8d9cf000 rw-p 00007000 08:01 792317                     /lib/x86_64-linux-gnu/librt-2.27.so
7f5c8d9cf000-7f5c8d9e6000 r-xp 00000000 08:01 792213                     /lib/x86_64-linux-gnu/libgcc_s.so.1
7f5c8d9e6000-7f5c8dbe5000 ---p 00017000 08:01 792213                     /lib/x86_64-linux-gnu/libgcc_s.so.1
7f5c8dbe5000-7f5c8dbe6000 r--p 00016000 08:01 792213                     /lib/x86_64-linux-gnu/libgcc_s.so.1
7f5c8dbe6000-7f5c8dbe7000 rw-p 00017000 08:01 792213                     /lib/x86_64-linux-gnu/libgcc_s.so.1
7f5c8dbe7000-7f5c8dd84000 r-xp 00000000 08:01 792239                     /lib/x86_64-linux-gnu/libm-2.27.so
7f5c8dd84000-7f5c8df83000 ---p 0019d000 08:01 792239                     /lib/x86_64-linux-gnu/libm-2.27.so
7f5c8df83000-7f5c8df84000 r--p 0019c000 08:01 792239                     /lib/x86_64-linux-gnu/libm-2.27.so
7f5c8df84000-7f5c8df85000 rw-p 0019d000 08:01 792239                     /lib/x86_64-linux-gnu/libm-2.27.so
7f5c8df85000-7f5c8e103000 r-xp 00000000 08:01 1715272                    /usr/lib/x86_64-linux-gnu/libstdc++.so.6.0.25
7f5c8e103000-7f5c8e303000 ---p 0017e000 08:01 1715272                    /usr/lib/x86_64-linux-gnu/libstdc++.so.6.0.25
7f5c8e303000-7f5c8e30d000 r--p 0017e000 08:01 1715272                    /usr/lib/x86_64-linux-gnu/libstdc++.so.6.0.25
7f5c8e30d000-7f5c8e30f000 rw-p 00188000 08:01 1715272                    /usr/lib/x86_64-linux-gnu/libstdc++.so.6.0.25
7f5c8e30f000-7f5c8e313000 rw-p 00000000 00:00 0 
7f5c8e313000-7f5c8f2b0000 r-xp 00000000 08:01 1853517                    /usr/lib/jvm/java-11-openjdk-amd64/lib/server/libjvm.so
7f5c8f2b0000-7f5c8f4b0000 ---p 00f9d000 08:01 1853517                    /usr/lib/jvm/java-11-openjdk-amd64/lib/server/libjvm.so
7f5c8f4b0000-7f5c8f574000 r--p 00f9d000 08:01 1853517                    /usr/lib/jvm/java-11-openjdk-amd64/lib/server/libjvm.so
7f5c8f574000-7f5c8f5ac000 rw-p 01061000 08:01 1853517                    /usr/lib/jvm/java-11-openjdk-amd64/lib/server/libjvm.so
7f5c8f5ac000-7f5c8f5f5000 rw-p 00000000 00:00 0 
7f5c8f5f5000-7f5c8f60f000 r-xp 00000000 08:01 792309                     /lib/x86_64-linux-gnu/libpthread-2.27.so
7f5c8f60f000-7f5c8f80e000 ---p 0001a000 08:01 792309                     /lib/x86_64-linux-gnu/libpthread-2.27.so
7f5c8f80e000-7f5c8f80f000 r--p 00019000 08:01 792309                     /lib/x86_64-linux-gnu/libpthread-2.27.so
7f5c8f80f000-7f5c8f810000 rw-p 0001a000 08:01 792309                     /lib/x86_64-linux-gnu/libpthread-2.27.so
7f5c8f810000-7f5c8f814000 rw-p 00000000 00:00 0 
7f5c8f814000-7f5c8f817000 r-xp 00000000 08:01 792199                     /lib/x86_64-linux-gnu/libdl-2.27.so
7f5c8f817000-7f5c8fa16000 ---p 00003000 08:01 792199                     /lib/x86_64-linux-gnu/libdl-2.27.so
7f5c8fa16000-7f5c8fa17000 r--p 00002000 08:01 792199                     /lib/x86_64-linux-gnu/libdl-2.27.so
7f5c8fa17000-7f5c8fa18000 rw-p 00003000 08:01 792199                     /lib/x86_64-linux-gnu/libdl-2.27.so
7f5c8fa18000-7f5c8fa34000 r-xp 00000000 08:01 792348                     /lib/x86_64-linux-gnu/libz.so.1.2.11
7f5c8fa34000-7f5c8fc33000 ---p 0001c000 08:01 792348                     /lib/x86_64-linux-gnu/libz.so.1.2.11
7f5c8fc33000-7f5c8fc34000 r--p 0001b000 08:01 792348                     /lib/x86_64-linux-gnu/libz.so.1.2.11
7f5c8fc34000-7f5c8fc35000 rw-p 0001c000 08:01 792348                     /lib/x86_64-linux-gnu/libz.so.1.2.11
7f5c8fc35000-7f5c8fe1c000 r-xp 00000000 08:01 792176                     /lib/x86_64-linux-gnu/libc-2.27.so
7f5c8fe1c000-7f5c9001c000 ---p 001e7000 08:01 792176                     /lib/x86_64-linux-gnu/libc-2.27.so
7f5c9001c000-7f5c90020000 r--p 001e7000 08:01 792176                     /lib/x86_64-linux-gnu/libc-2.27.so
7f5c90020000-7f5c90022000 rw-p 001eb000 08:01 792176                     /lib/x86_64-linux-gnu/libc-2.27.so
7f5c90022000-7f5c90026000 rw-p 00000000 00:00 0 
7f5c90026000-7f5c90035000 r-xp 00000000 08:01 1853477                    /usr/lib/jvm/java-11-openjdk-amd64/lib/jli/libjli.so
7f5c90035000-7f5c90234000 ---p 0000f000 08:01 1853477                    /usr/lib/jvm/java-11-openjdk-amd64/lib/jli/libjli.so
7f5c90234000-7f5c90235000 r--p 0000e000 08:01 1853477                    /usr/lib/jvm/java-11-openjdk-amd64/lib/jli/libjli.so
7f5c90235000-7f5c90236000 rw-p 0000f000 08:01 1853477                    /usr/lib/jvm/java-11-openjdk-amd64/lib/jli/libjli.so
7f5c90236000-7f5c9025d000 r-xp 00000000 08:01 792148                     /lib/x86_64-linux-gnu/ld-2.27.so
7f5c9026a000-7f5c90271000 rw-p 00000000 00:00 0 
7f5c90271000-7f5c902bd000 ---p 00000000 00:00 0 
7f5c902bd000-7f5c902c1000 rw-p 00000000 00:00 0 
7f5c902c1000-7f5c902e6000 ---p 00000000 00:00 0 
7f5c902e6000-7f5c902ed000 rw-p 00000000 00:00 0 
7f5c902ed000-7f5c90339000 ---p 00000000 00:00 0 
7f5c90339000-7f5c9033f000 rw-p 00000000 00:00 0 
7f5c9033f000-7f5c90346000 ---p 00000000 00:00 0 
7f5c90346000-7f5c9034a000 ---p 00000000 00:00 0 
7f5c9034a000-7f5c90449000 rw-p 00000000 00:00 0 
7f5c90451000-7f5c90459000 rw-s 00000000 08:01 542321                     /tmp/hsperfdata_vagrant/3013
7f5c90459000-7f5c9045a000 ---p 00000000 00:00 0 
7f5c9045a000-7f5c9045b000 r--p 00000000 00:00 0 
7f5c9045b000-7f5c9045d000 rw-p 00000000 00:00 0 
7f5c9045d000-7f5c9045e000 r--p 00027000 08:01 792148                     /lib/x86_64-linux-gnu/ld-2.27.so
7f5c9045e000-7f5c9045f000 rw-p 00028000 08:01 792148                     /lib/x86_64-linux-gnu/ld-2.27.so
7f5c9045f000-7f5c90460000 rw-p 00000000 00:00 0 
7ffd76acb000-7ffd76aee000 rw-p 00000000 00:00 0                          [stack]
7ffd76baf000-7ffd76bb2000 r--p 00000000 00:00 0                          [vvar]
7ffd76bb2000-7ffd76bb4000 r-xp 00000000 00:00 0                          [vdso]
ffffffffff600000-ffffffffff601000 r-xp 00000000 00:00 0                  [vsyscall]


VM Arguments:
java_command: org.morehouse.restapp.RestappApplication
java_class_path (initial): /home/vagrant/Documents/handouts/restboot/target/classes:/home/vagrant/.m2/repository/org/springframework/spring-aop/5.0.8.RELEASE/spring-aop-5.0.8.RELEASE.jar:/home/vagrant/.m2/repository/org/apache/tomcat/embed/tomcat-embed-websocket/8.5.32/tomcat-embed-websocket-8.5.32.jar:/home/vagrant/.m2/repository/org/apache/httpcomponents/httpcore/4.4.10/httpcore-4.4.10.jar:/home/vagrant/.m2/repository/org/hamcrest/hamcrest-library/1.3/hamcrest-library-1.3.jar:/home/vagrant/.m2/repository/org/hibernate/common/hibernate-commons-annotations/5.0.1.Final/hibernate-commons-annotations-5.0.1.Final.jar:/home/vagrant/.m2/repository/org/apache/tomcat/embed/tomcat-embed-el/8.5.32/tomcat-embed-el-8.5.32.jar:/home/vagrant/.m2/repository/org/springframework/boot/spring-boot/2.0.4.RELEASE/spring-boot-2.0.4.RELEASE.jar:/home/vagrant/.m2/repository/org/apache/commons/commons-lang3/3.7/commons-lang3-3.7.jar:/home/vagrant/.m2/repository/javax/validation/validation-api/2.0.1.Final/validation-api-2.0.1.Final.jar:/home/vagrant/.m2/repository/com/fasterxml/jackson/module/jackson-module-jaxb-annotations/2.9.6/jackson-module-jaxb-annotations-2.9.6.jar:/home/vagrant/.m2/repository/org/codehaus/groovy/groovy/2.4.15/groovy-2.4.15.jar:/home/vagrant/.m2/repository/org/springframework/spring-web/5.0.8.RELEASE/spring-web-5.0.8.RELEASE.jar:/home/vagrant/.m2/repository/org/springframework/spring-expression/5.0.8.RELEASE/spring-expression-5.0.8.RELEASE.jar:/home/vagrant/.m2/repository/antlr/antlr/2.7.7/antlr-2.7.7.jar:/home/vagrant/.m2/repository/org/springframework/spring-jcl/5.0.8.RELEASE/spring-jcl-5.0.8.RELEASE.jar:/home/vagrant/.m2/repository/org/springframework/spring-beans/5.0.8.RELEASE/spring-beans-5.0.8.RELEASE.jar:/home/vagrant/.m2/repository/org/springframework/spring-orm/5.0.8.RELEASE/spring-orm-5.0.8.RELEASE.jar:/home/vagrant/.m2/repository/org/apache/httpcomponents/httpmime/4.5.6/httpmime-4.5.6.jar:/home/vagrant/.m2/repository/com/fasterxml/classmate/1.3.4/classmate
Launcher Type: SUN_STANDARD

Logging:
Log output configuration:
#0: stdout all=warning uptime,level,tags
#1: stderr all=off uptime,level,tags

Environment Variables:
PATH=/home/vagrant/.sdkman/candidates/springboot/current/bin:/home/vagrant/.local/bin:/usr/local/sbin:/usr/local/bin:/usr/sbin:/usr/bin:/sbin:/bin:/usr/games:/usr/local/games:/snap/bin
USERNAME=vagrant
SHELL=/bin/bash
DISPLAY=:0

Signal Handlers:
SIGSEGV: [libjvm.so+0xd28ad0], sa_mask[0]=11111111011111111101111111111110, sa_flags=SA_RESTART|SA_SIGINFO
SIGBUS: [libjvm.so+0xd28ad0], sa_mask[0]=11111111011111111101111111111110, sa_flags=SA_RESTART|SA_SIGINFO
SIGFPE: [libjvm.so+0xd28ad0], sa_mask[0]=11111111011111111101111111111110, sa_flags=SA_RESTART|SA_SIGINFO
SIGPIPE: [libjvm.so+0xb2a150], sa_mask[0]=11111111011111111101111111111110, sa_flags=SA_RESTART|SA_SIGINFO
SIGXFSZ: [libjvm.so+0xb2a150], sa_mask[0]=11111111011111111101111111111110, sa_flags=SA_RESTART|SA_SIGINFO
SIGILL: [libjvm.so+0xd28ad0], sa_mask[0]=11111111011111111101111111111110, sa_flags=SA_RESTART|SA_SIGINFO
SIGUSR2: [libjvm.so+0xb29f90], sa_mask[0]=00100000000000000000000000000000, sa_flags=SA_RESTART|SA_SIGINFO
SIGHUP: [libjvm.so+0xb2a0e0], sa_mask[0]=11111111011111111101111111111110, sa_flags=SA_RESTART|SA_SIGINFO
SIGINT: [libjvm.so+0xb2a0e0], sa_mask[0]=11111111011111111101111111111110, sa_flags=SA_RESTART|SA_SIGINFO
SIGTERM: [libjvm.so+0xb2a0e0], sa_mask[0]=11111111011111111101111111111110, sa_flags=SA_RESTART|SA_SIGINFO
SIGQUIT: [libjvm.so+0xb2a0e0], sa_mask[0]=11111111011111111101111111111110, sa_flags=SA_RESTART|SA_SIGINFO


---------------  S Y S T E M  ---------------

OS:DISTRIB_ID=Ubuntu
DISTRIB_RELEASE=18.04
DISTRIB_CODENAME=bionic
DISTRIB_DESCRIPTION="Ubuntu 18.04.1 LTS"
uname:Linux 4.15.0-34-generic #37-Ubuntu SMP Mon Aug 27 15:21:48 UTC 2018 x86_64
libc:glibc 2.27 NPTL 2.27 
rlimit: STACK 8192k, CORE 0k, NPROC 3705, NOFILE 4096, AS infinity, DATA infinity, FSIZE infinity
load average:3.36 1.80 1.04

/proc/meminfo:
MemTotal:        1009120 kB
MemFree:           48992 kB
MemAvailable:          0 kB
Buffers:             248 kB
Cached:             8488 kB
SwapCached:          348 kB
Active:           414896 kB
Inactive:         415108 kB
Active(anon):     410724 kB
Inactive(anon):   410780 kB
Active(file):       4172 kB
Inactive(file):     4328 kB
Unevictable:          80 kB
Mlocked:              80 kB
SwapTotal:       1459804 kB
SwapFree:              0 kB
Dirty:                32 kB
Writeback:            20 kB
AnonPages:        821156 kB
Mapped:             6896 kB
Shmem:               160 kB
Slab:              53696 kB
SReclaimable:      20344 kB
SUnreclaim:        33352 kB
KernelStack:        9552 kB
PageTables:        39940 kB
NFS_Unstable:          0 kB
Bounce:                0 kB
WritebackTmp:          0 kB
CommitLimit:     1964364 kB
Committed_AS:    5815412 kB
VmallocTotal:   34359738367 kB
VmallocUsed:           0 kB
VmallocChunk:          0 kB
HardwareCorrupted:     0 kB
AnonHugePages:         0 kB
ShmemHugePages:        0 kB
ShmemPmdMapped:        0 kB
CmaTotal:              0 kB
CmaFree:               0 kB
HugePages_Total:       0
HugePages_Free:        0
HugePages_Rsvd:        0
HugePages_Surp:        0
Hugepagesize:       2048 kB
DirectMap4k:      112576 kB
DirectMap2M:      935936 kB

container (cgroup) information:
container_type: cgroupv1
cpu_cpuset_cpus: 0
cpu_memory_nodes: 0
active_processor_count: 1
cpu_quota: -1
cpu_period: 100000
cpu_shares: -1
memory_limit_in_bytes: -1
memory_and_swap_limit_in_bytes: -2
memory_soft_limit_in_bytes: -1
memory_usage_in_bytes: 613294080
memory_max_usage_in_bytes: 0


CPU:total 1 (initial active 1) (1 cores per cpu, 1 threads per core) family 6 model 142 stepping 10, cmov, cx8, fxsr, mmx, sse, sse2, sse3, ssse3, sse4.1, sse4.2, popcnt, avx, avx2, aes, clmul, 3dnowpref, lzcnt, tsc, tscinvbit
CPU Model and flags from /proc/cpuinfo:
model name	: Intel(R) Core(TM) i5-8259U CPU @ 2.30GHz
flags		: fpu vme de pse tsc msr pae mce cx8 apic sep mtrr pge mca cmov pat pse36 clflush mmx fxsr sse sse2 syscall nx rdtscp lm constant_tsc rep_good nopl xtopology nonstop_tsc cpuid pni pclmulqdq monitor ssse3 cx16 pcid sse4_1 sse4_2 x2apic movbe popcnt aes xsave avx rdrand hypervisor lahf_lm abm 3dnowprefetch invpcid_single pti fsgsbase avx2 invpcid rdseed clflushopt flush_l1d

Memory: 4k page, physical 1009120k(280660k free), swap 1459804k(560236k free)

vm_info: OpenJDK 64-Bit Server VM (10.0.2+13-Ubuntu-1ubuntu0.18.04.2) for linux-amd64 JRE (10.0.2+13-Ubuntu-1ubuntu0.18.04.2), built on Aug 24 2018 17:36:24 by "buildd" with gcc 7.3.0

END.
