#
# There is insufficient memory for the Java Runtime Environment to continue.
# Native memory allocation (mmap) failed to map 65536 bytes for committing reserved memory.
# Possible reasons:
#   The system is out of physical RAM or swap space
#   The process is running with CompressedOops enabled, and the Java Heap may be blocking the growth of the native heap
# Possible solutions:
#   Reduce memory load on the system
#   Increase physical memory or swap space
#   Check if swap backing store is full
#   Decrease Java heap size (-Xmx/-Xms)
#   Decrease number of Java threads
#   Decrease Java thread stack sizes (-Xss)
#   Set larger code cache with -XX:ReservedCodeCacheSize=
#   JVM is running with Unscaled Compressed Oops mode in which the Java heap is
#     placed in the first 4GB address space. The Java Heap base address is the
#     maximum limit for the native heap growth. Please use -XX:HeapBaseMinAddress
#     to set the Java Heap base and to place the Java Heap above 4GB virtual address.
# This output file may be truncated or incomplete.
#
#  Out of Memory Error (os_linux.cpp:2706), pid=2920, tid=2927
#
# JRE version: OpenJDK Runtime Environment (10.0.2+13) (build 10.0.2+13-Ubuntu-1ubuntu0.18.04.2)
# Java VM: OpenJDK 64-Bit Server VM (10.0.2+13-Ubuntu-1ubuntu0.18.04.2, mixed mode, tiered, compressed oops, serial gc, linux-amd64)
# Core dump will be written. Default location: Core dumps may be processed with "/usr/share/apport/apport %p %s %c %d %P" (or dumping to /home/vagrant/Documents/handouts/restboot/core.2920)
#

---------------  S U M M A R Y ------------

Command Line: org.morehouse.restapp.RestappApplication

Host: Intel(R) Core(TM) i5-8259U CPU @ 2.30GHz, 1 cores, 985M, Ubuntu 18.04.1 LTS
Time: Thu Oct 18 15:35:05 2018 CDT elapsed time: 66 seconds (0d 0h 1m 6s)

---------------  T H R E A D  ---------------

Current thread (0x00007f28ec0a4000):  JavaThread "C1 CompilerThread1" daemon [_thread_in_vm, id=2927, stack(0x00007f28d1d86000,0x00007f28d1e87000)]


Current CompileTask:
C1:  66763 5184       3       java.io.File::list (33 bytes)

Stack: [0x00007f28d1d86000,0x00007f28d1e87000],  sp=0x00007f28d1e85100,  free space=1020k
Native frames: (J=compiled Java code, A=aot compiled Java code, j=interpreted, Vv=VM code, C=native code)
V  [libjvm.so+0xd27e04]
V  [libjvm.so+0xd289ab]
V  [libjvm.so+0x64d415]
V  [libjvm.so+0xb2d5d2]
V  [libjvm.so+0xb25caf]
V  [libjvm.so+0xd1fc17]
V  [libjvm.so+0x7dd69d]
V  [libjvm.so+0x5ca57a]
V  [libjvm.so+0xafe7a8]
V  [libjvm.so+0x5447b2]
V  [libjvm.so+0x477cad]
V  [libjvm.so+0x477fdf]
V  [libjvm.so+0x4788be]
V  [libjvm.so+0x609803]
V  [libjvm.so+0x60ad28]
V  [libjvm.so+0xcc55d3]
V  [libjvm.so+0xb33ca0]
C  [libpthread.so.0+0x76db]  start_thread+0xdb


---------------  P R O C E S S  ---------------

Threads class SMR info:
_java_thread_list=0x00007f28ec5745b0, length=28, elements={
0x00007f28ec08c800, 0x00007f28ec08e800, 0x00007f28ec097800, 0x00007f28ec0a2000,
0x00007f28ec0a4000, 0x00007f28ec0a6000, 0x00007f28ec115800, 0x00007f28ec0de800,
0x00007f28bc947800, 0x00007f28bc6cc000, 0x00007f28bca1e800, 0x00007f28bd069800,
0x00007f28bd072800, 0x00007f28bd08a800, 0x00007f28bd08e800, 0x00007f28bd090000,
0x00007f28bd092000, 0x00007f28bd094000, 0x00007f28bd096000, 0x00007f28bd098000,
0x00007f28bd09a000, 0x00007f28bd09c000, 0x00007f28bd09e000, 0x00007f28bd0a0000,
0x00007f28bd0b0000, 0x00007f28bd0b1800, 0x00007f28bd0b3000, 0x00007f28ec013000
}

Java Threads: ( => current thread )
  0x00007f28ec08c800 JavaThread "Reference Handler" daemon [_thread_blocked, id=2923, stack(0x00007f28d2b59000,0x00007f28d2c5a000)]
  0x00007f28ec08e800 JavaThread "Finalizer" daemon [_thread_blocked, id=2924, stack(0x00007f28d2a58000,0x00007f28d2b59000)]
  0x00007f28ec097800 JavaThread "Signal Dispatcher" daemon [_thread_blocked, id=2925, stack(0x00007f28d1f88000,0x00007f28d2089000)]
  0x00007f28ec0a2000 JavaThread "C2 CompilerThread0" daemon [_thread_blocked, id=2926, stack(0x00007f28d1e87000,0x00007f28d1f88000)]
=>0x00007f28ec0a4000 JavaThread "C1 CompilerThread1" daemon [_thread_in_vm, id=2927, stack(0x00007f28d1d86000,0x00007f28d1e87000)]
  0x00007f28ec0a6000 JavaThread "Sweeper thread" daemon [_thread_blocked, id=2929, stack(0x00007f28d1c85000,0x00007f28d1d86000)]
  0x00007f28ec115800 JavaThread "Service Thread" daemon [_thread_blocked, id=2930, stack(0x00007f28d1b84000,0x00007f28d1c85000)]
  0x00007f28ec0de800 JavaThread "Common-Cleaner" daemon [_thread_blocked, id=2932, stack(0x00007f28d1981000,0x00007f28d1a82000)]
  0x00007f28bc947800 JavaThread "ContainerBackgroundProcessor[StandardEngine[Tomcat]]" daemon [_thread_blocked, id=2946, stack(0x00007f28b2d26000,0x00007f28b2e27000)]
  0x00007f28bc6cc000 JavaThread "container-0" [_thread_blocked, id=2947, stack(0x00007f28b2c25000,0x00007f28b2d26000)]
  0x00007f28bca1e800 JavaThread "HikariPool-1 housekeeper" daemon [_thread_blocked, id=2948, stack(0x00007f28b2724000,0x00007f28b2825000)]
  0x00007f28bd069800 JavaThread "File Watcher" daemon [_thread_blocked, id=2951, stack(0x00007f28b1f22000,0x00007f28b2023000)]
  0x00007f28bd072800 JavaThread "Live Reload Server" daemon [_thread_in_native, id=2953, stack(0x00007f28b1295000,0x00007f28b1396000)]
  0x00007f28bd08a800 JavaThread "NioBlockingSelector.BlockPoller-1" daemon [_thread_in_native, id=2954, stack(0x00007f28b1396000,0x00007f28b1497000)]
  0x00007f28bd08e800 JavaThread "http-nio-7070-exec-1" daemon [_thread_blocked, id=2955, stack(0x00007f28b1194000,0x00007f28b1295000)]
  0x00007f28bd090000 JavaThread "http-nio-7070-exec-2" daemon [_thread_blocked, id=2956, stack(0x00007f28b1093000,0x00007f28b1194000)]
  0x00007f28bd092000 JavaThread "http-nio-7070-exec-3" daemon [_thread_blocked, id=2957, stack(0x00007f28b0f92000,0x00007f28b1093000)]
  0x00007f28bd094000 JavaThread "http-nio-7070-exec-4" daemon [_thread_blocked, id=2958, stack(0x00007f28b0e91000,0x00007f28b0f92000)]
  0x00007f28bd096000 JavaThread "http-nio-7070-exec-5" daemon [_thread_blocked, id=2959, stack(0x00007f28b0d90000,0x00007f28b0e91000)]
  0x00007f28bd098000 JavaThread "http-nio-7070-exec-6" daemon [_thread_blocked, id=2960, stack(0x00007f28b0c8f000,0x00007f28b0d90000)]
  0x00007f28bd09a000 JavaThread "http-nio-7070-exec-7" daemon [_thread_blocked, id=2961, stack(0x00007f28b0b8e000,0x00007f28b0c8f000)]
  0x00007f28bd09c000 JavaThread "http-nio-7070-exec-8" daemon [_thread_blocked, id=2962, stack(0x00007f28b0a8d000,0x00007f28b0b8e000)]
  0x00007f28bd09e000 JavaThread "http-nio-7070-exec-9" daemon [_thread_blocked, id=2963, stack(0x00007f28b098c000,0x00007f28b0a8d000)]
  0x00007f28bd0a0000 JavaThread "http-nio-7070-exec-10" daemon [_thread_blocked, id=2964, stack(0x00007f28b088b000,0x00007f28b098c000)]
  0x00007f28bd0b0000 JavaThread "http-nio-7070-ClientPoller-0" daemon [_thread_in_native, id=2965, stack(0x00007f28b078a000,0x00007f28b088b000)]
  0x00007f28bd0b1800 JavaThread "http-nio-7070-Acceptor-0" daemon [_thread_in_native, id=2966, stack(0x00007f28b0689000,0x00007f28b078a000)]
  0x00007f28bd0b3000 JavaThread "http-nio-7070-AsyncTimeout" daemon [_thread_blocked, id=2967, stack(0x00007f28b0588000,0x00007f28b0689000)]
  0x00007f28ec013000 JavaThread "DestroyJavaVM" [_thread_blocked, id=2921, stack(0x00007f28f394b000,0x00007f28f3a4c000)]

Other Threads:
  0x00007f28ec082800 VMThread "VM Thread" [stack: 0x00007f28d2c5c000,0x00007f28d2d5c000] [id=2922]
  0x00007f28ec118000 WatcherThread [stack: 0x00007f28d1a84000,0x00007f28d1b84000] [id=2931]

Threads with active compile tasks:
C1 CompilerThread15184       3       java.io.File::list (33 bytes)

VM state:not at safepoint (normal execution)

VM Mutex/Monitor currently owned by a thread:  ([mutex/lock_event])
[0x00007f28ec00ebf0] CodeCache_lock - owner thread: 0x00007f28ec0a4000
[0x00007f28ec010420] Compile_lock - owner thread: 0x00007f28ec0a4000
[0x00007f28ec0105d0] MethodCompileQueue_lock - owner thread: 0x00007f28ec0a4000

Heap address: 0x00000000f0800000, size: 248 MB, Compressed Oops mode: 32-bit
Narrow klass base: 0x0000000000000000, Narrow klass shift: 3
Compressed class space size: 1073741824 Address: 0x0000000100000000

Heap:
 def new generation   total 17216K, used 6797K [0x00000000f0800000, 0x00000000f1aa0000, 0x00000000f5aa0000)
  eden space 15360K,  37% used [0x00000000f0800000, 0x00000000f0db1b50, 0x00000000f1700000)
  from space 1856K,  52% used [0x00000000f18d0000, 0x00000000f19c1c28, 0x00000000f1aa0000)
  to   space 1856K,   0% used [0x00000000f1700000, 0x00000000f1700000, 0x00000000f18d0000)
 tenured generation   total 37996K, used 32032K [0x00000000f5aa0000, 0x00000000f7fbb000, 0x0000000100000000)
   the space 37996K,  84% used [0x00000000f5aa0000, 0x00000000f79e8260, 0x00000000f79e8400, 0x00000000f7fbb000)
 Metaspace       used 63760K, capacity 64999K, committed 65792K, reserved 1107968K
  class space    used 7390K, capacity 7926K, committed 7936K, reserved 1048576K

Card table byte_map: [0x00007f28f38c2000,0x00007f28f393f000] byte_map_base: 0x00007f28f313e000

Polling page: 0x00007f28f3a5e000

CodeHeap 'non-profiled nmethods': size=120036Kb used=2210Kb max_used=2210Kb free=117825Kb
 bounds [0x00007f28db1df000, 0x00007f28db44f000, 0x00007f28e2718000]
CodeHeap 'profiled nmethods': size=120032Kb used=10298Kb max_used=10298Kb free=109733Kb
 bounds [0x00007f28d3ca7000, 0x00007f28d46b7000, 0x00007f28db1df000]
CodeHeap 'non-nmethods': size=5692Kb used=1201Kb max_used=1243Kb free=4490Kb
 bounds [0x00007f28d3718000, 0x00007f28d3988000, 0x00007f28d3ca7000]
 total_blobs=6554 nmethods=5041 adapters=503
 compilation: enabled

Compilation events (10 events):
Event: 59.478 Thread 0x00007f28ec0a4000 nmethod 5179 0x00007f28d46b4a90 code [0x00007f28d46b4c40, 0x00007f28d46b4db0]
Event: 62.369 Thread 0x00007f28ec0a4000 5181       3       java.lang.System$2::blockedOn (6 bytes)
Event: 62.856 Thread 0x00007f28ec0a4000 nmethod 5181 0x00007f28d46b4e90 code [0x00007f28d46b5060, 0x00007f28d46b5450]
Event: 62.882 Thread 0x00007f28ec0a4000 5182   !   3       java.lang.Thread::blockedOn (23 bytes)
Event: 63.018 Thread 0x00007f28ec0a4000 nmethod 5182 0x00007f28d46b5590 code [0x00007f28d46b5740, 0x00007f28d46b5a50]
Event: 63.031 Thread 0x00007f28ec0a4000 5180       3       java.nio.channels.spi.AbstractInterruptibleChannel::blockedOn (13 bytes)
Event: 63.189 Thread 0x00007f28ec0a4000 nmethod 5180 0x00007f28d46b5b10 code [0x00007f28d46b5ce0, 0x00007f28d46b61d0]
Event: 65.558 Thread 0x00007f28ec0a4000 5183       3       java.io.File::listFiles (52 bytes)
Event: 66.168 Thread 0x00007f28ec0a4000 nmethod 5183 0x00007f28d46b6390 code [0x00007f28d46b65c0, 0x00007f28d46b6d98]
Event: 66.181 Thread 0x00007f28ec0a4000 5184       3       java.io.File::list (33 bytes)

GC Heap History (10 events):
Event: 13.061 GC heap before
{Heap before GC invocations=71 (full 3):
 def new generation   total 17216K, used 16484K [0x00000000f0800000, 0x00000000f1aa0000, 0x00000000f5aa0000)
  eden space 15360K, 100% used [0x00000000f0800000, 0x00000000f1700000, 0x00000000f1700000)
  from space 1856K,  60% used [0x00000000f1700000, 0x00000000f1819040, 0x00000000f18d0000)
  to   space 1856K,   0% used [0x00000000f18d0000, 0x00000000f18d0000, 0x00000000f1aa0000)
 tenured generation   total 37996K, used 26716K [0x00000000f5aa0000, 0x00000000f7fbb000, 0x0000000100000000)
   the space 37996K,  70% used [0x00000000f5aa0000, 0x00000000f74b7228, 0x00000000f74b7400, 0x00000000f7fbb000)
 Metaspace       used 59933K, capacity 61165K, committed 61824K, reserved 1103872K
  class space    used 6948K, capacity 7465K, committed 7552K, reserved 1048576K
}
Event: 13.067 GC heap after
{Heap after GC invocations=72 (full 3):
 def new generation   total 17216K, used 1126K [0x00000000f0800000, 0x00000000f1aa0000, 0x00000000f5aa0000)
  eden space 15360K,   0% used [0x00000000f0800000, 0x00000000f0800000, 0x00000000f1700000)
  from space 1856K,  60% used [0x00000000f18d0000, 0x00000000f19e9870, 0x00000000f1aa0000)
  to   space 1856K,   0% used [0x00000000f1700000, 0x00000000f1700000, 0x00000000f18d0000)
 tenured generation   total 37996K, used 27824K [0x00000000f5aa0000, 0x00000000f7fbb000, 0x0000000100000000)
   the space 37996K,  73% used [0x00000000f5aa0000, 0x00000000f75cc040, 0x00000000f75cc200, 0x00000000f7fbb000)
 Metaspace       used 59933K, capacity 61165K, committed 61824K, reserved 1103872K
  class space    used 6948K, capacity 7465K, committed 7552K, reserved 1048576K
}
Event: 13.354 GC heap before
{Heap before GC invocations=72 (full 3):
 def new generation   total 17216K, used 16486K [0x00000000f0800000, 0x00000000f1aa0000, 0x00000000f5aa0000)
  eden space 15360K, 100% used [0x00000000f0800000, 0x00000000f1700000, 0x00000000f1700000)
  from space 1856K,  60% used [0x00000000f18d0000, 0x00000000f19e9870, 0x00000000f1aa0000)
  to   space 1856K,   0% used [0x00000000f1700000, 0x00000000f1700000, 0x00000000f18d0000)
 tenured generation   total 37996K, used 27824K [0x00000000f5aa0000, 0x00000000f7fbb000, 0x0000000100000000)
   the space 37996K,  73% used [0x00000000f5aa0000, 0x00000000f75cc040, 0x00000000f75cc200, 0x00000000f7fbb000)
 Metaspace       used 60637K, capacity 61829K, committed 62336K, reserved 1103872K
  class space    used 7034K, capacity 7537K, committed 7552K, reserved 1048576K
}
Event: 13.369 GC heap after
{Heap after GC invocations=73 (full 3):
 def new generation   total 17216K, used 847K [0x00000000f0800000, 0x00000000f1aa0000, 0x00000000f5aa0000)
  eden space 15360K,   0% used [0x00000000f0800000, 0x00000000f0800000, 0x00000000f1700000)
  from space 1856K,  45% used [0x00000000f1700000, 0x00000000f17d3e28, 0x00000000f18d0000)
  to   space 1856K,   0% used [0x00000000f18d0000, 0x00000000f18d0000, 0x00000000f1aa0000)
 tenured generation   total 37996K, used 28917K [0x00000000f5aa0000, 0x00000000f7fbb000, 0x0000000100000000)
   the space 37996K,  76% used [0x00000000f5aa0000, 0x00000000f76dd5a0, 0x00000000f76dd600, 0x00000000f7fbb000)
 Metaspace       used 60637K, capacity 61829K, committed 62336K, reserved 1103872K
  class space    used 7034K, capacity 7537K, committed 7552K, reserved 1048576K
}
Event: 13.695 GC heap before
{Heap before GC invocations=73 (full 3):
 def new generation   total 17216K, used 16207K [0x00000000f0800000, 0x00000000f1aa0000, 0x00000000f5aa0000)
  eden space 15360K, 100% used [0x00000000f0800000, 0x00000000f1700000, 0x00000000f1700000)
  from space 1856K,  45% used [0x00000000f1700000, 0x00000000f17d3e28, 0x00000000f18d0000)
  to   space 1856K,   0% used [0x00000000f18d0000, 0x00000000f18d0000, 0x00000000f1aa0000)
 tenured generation   total 37996K, used 28917K [0x00000000f5aa0000, 0x00000000f7fbb000, 0x0000000100000000)
   the space 37996K,  76% used [0x00000000f5aa0000, 0x00000000f76dd5a0, 0x00000000f76dd600, 0x00000000f7fbb000)
 Metaspace       used 61193K, capacity 62401K, committed 62976K, reserved 1103872K
  class space    used 7097K, capacity 7595K, committed 7680K, reserved 1048576K
}
Event: 13.700 GC heap after
{Heap after GC invocations=74 (full 3):
 def new generation   total 17216K, used 1840K [0x00000000f0800000, 0x00000000f1aa0000, 0x00000000f5aa0000)
  eden space 15360K,   0% used [0x00000000f0800000, 0x00000000f0800000, 0x00000000f1700000)
  from space 1856K,  99% used [0x00000000f18d0000, 0x00000000f1a9c3a8, 0x00000000f1aa0000)
  to   space 1856K,   0% used [0x00000000f1700000, 0x00000000f1700000, 0x00000000f18d0000)
 tenured generation   total 37996K, used 28917K [0x00000000f5aa0000, 0x00000000f7fbb000, 0x0000000100000000)
   the space 37996K,  76% used [0x00000000f5aa0000, 0x00000000f76dd5a0, 0x00000000f76dd600, 0x00000000f7fbb000)
 Metaspace       used 61193K, capacity 62401K, committed 62976K, reserved 1103872K
  class space    used 7097K, capacity 7595K, committed 7680K, reserved 1048576K
}
Event: 13.887 GC heap before
{Heap before GC invocations=74 (full 3):
 def new generation   total 17216K, used 17200K [0x00000000f0800000, 0x00000000f1aa0000, 0x00000000f5aa0000)
  eden space 15360K, 100% used [0x00000000f0800000, 0x00000000f1700000, 0x00000000f1700000)
  from space 1856K,  99% used [0x00000000f18d0000, 0x00000000f1a9c3a8, 0x00000000f1aa0000)
  to   space 1856K,   0% used [0x00000000f1700000, 0x00000000f1700000, 0x00000000f18d0000)
 tenured generation   total 37996K, used 28917K [0x00000000f5aa0000, 0x00000000f7fbb000, 0x0000000100000000)
   the space 37996K,  76% used [0x00000000f5aa0000, 0x00000000f76dd5a0, 0x00000000f76dd600, 0x00000000f7fbb000)
 Metaspace       used 61433K, capacity 62643K, committed 63232K, reserved 1105920K
  class space    used 7129K, capacity 7631K, committed 7680K, reserved 1048576K
}
Event: 13.898 GC heap after
{Heap after GC invocations=75 (full 3):
 def new generation   total 17216K, used 1320K [0x00000000f0800000, 0x00000000f1aa0000, 0x00000000f5aa0000)
  eden space 15360K,   0% used [0x00000000f0800000, 0x00000000f0800000, 0x00000000f1700000)
  from space 1856K,  71% used [0x00000000f1700000, 0x00000000f184a210, 0x00000000f18d0000)
  to   space 1856K,   0% used [0x00000000f18d0000, 0x00000000f18d0000, 0x00000000f1aa0000)
 tenured generation   total 37996K, used 30749K [0x00000000f5aa0000, 0x00000000f7fbb000, 0x0000000100000000)
   the space 37996K,  80% used [0x00000000f5aa0000, 0x00000000f78a77e0, 0x00000000f78a7800, 0x00000000f7fbb000)
 Metaspace       used 61433K, capacity 62643K, committed 63232K, reserved 1105920K
  class space    used 7129K, capacity 7631K, committed 7680K, reserved 1048576K
}
Event: 20.417 GC heap before
{Heap before GC invocations=75 (full 3):
 def new generation   total 17216K, used 16680K [0x00000000f0800000, 0x00000000f1aa0000, 0x00000000f5aa0000)
  eden space 15360K, 100% used [0x00000000f0800000, 0x00000000f1700000, 0x00000000f1700000)
  from space 1856K,  71% used [0x00000000f1700000, 0x00000000f184a210, 0x00000000f18d0000)
  to   space 1856K,   0% used [0x00000000f18d0000, 0x00000000f18d0000, 0x00000000f1aa0000)
 tenured generation   total 37996K, used 30749K [0x00000000f5aa0000, 0x00000000f7fbb000, 0x0000000100000000)
   the space 37996K,  80% used [0x00000000f5aa0000, 0x00000000f78a77e0, 0x00000000f78a7800, 0x00000000f7fbb000)
 Metaspace       used 62865K, capacity 64154K, committed 64768K, reserved 1105920K
  class space    used 7286K, capacity 7815K, committed 7936K, reserved 1048576K
}
Event: 20.434 GC heap after
{Heap after GC invocations=76 (full 3):
 def new generation   total 17216K, used 967K [0x00000000f0800000, 0x00000000f1aa0000, 0x00000000f5aa0000)
  eden space 15360K,   0% used [0x00000000f0800000, 0x00000000f0800000, 0x00000000f1700000)
  from space 1856K,  52% used [0x00000000f18d0000, 0x00000000f19c1c28, 0x00000000f1aa0000)
  to   space 1856K,   0% used [0x00000000f1700000, 0x00000000f1700000, 0x00000000f18d0000)
 tenured generation   total 37996K, used 32032K [0x00000000f5aa0000, 0x00000000f7fbb000, 0x0000000100000000)
   the space 37996K,  84% used [0x00000000f5aa0000, 0x00000000f79e8260, 0x00000000f79e8400, 0x00000000f7fbb000)
 Metaspace       used 62865K, capacity 64154K, committed 64768K, reserved 1105920K
  class space    used 7286K, capacity 7815K, committed 7936K, reserved 1048576K
}

Deoptimization events (10 events):
Event: 12.138 Thread 0x00007f28c0119800 Uncommon trap: reason=unstable_if action=reinterpret pc=0x00007f28db2a9270 method=java.util.concurrent.ConcurrentHashMap.get(Ljava/lang/Object;)Ljava/lang/Object; @ 86 c2
Event: 12.159 Thread 0x00007f28c0119800 Uncommon trap: reason=unstable_if action=reinterpret pc=0x00007f28db2acbec method=org.springframework.asm.ClassReader.readUTF(II[C)Ljava/lang/String; @ 77 c2
Event: 12.159 Thread 0x00007f28c0119800 Uncommon trap: reason=unstable_if action=reinterpret pc=0x00007f28db2af2ac method=java.lang.StringUTF16.compress([CII)[B @ 13 c2
Event: 12.846 Thread 0x00007f28c0119800 Uncommon trap: reason=array_check action=maybe_recompile pc=0x00007f28db3a8be4 method=java.util.AbstractCollection.toArray([Ljava/lang/Object;)[Ljava/lang/Object; @ 116 c2
Event: 12.848 Thread 0x00007f28c0119800 Uncommon trap: reason=array_check action=maybe_recompile pc=0x00007f28db3a8be4 method=java.util.AbstractCollection.toArray([Ljava/lang/Object;)[Ljava/lang/Object; @ 116 c2
Event: 12.873 Thread 0x00007f28c0119800 Uncommon trap: reason=array_check action=maybe_recompile pc=0x00007f28db3a8be4 method=java.util.AbstractCollection.toArray([Ljava/lang/Object;)[Ljava/lang/Object; @ 116 c2
Event: 12.873 Thread 0x00007f28c0119800 Uncommon trap: reason=array_check action=maybe_recompile pc=0x00007f28db3a8be4 method=java.util.AbstractCollection.toArray([Ljava/lang/Object;)[Ljava/lang/Object; @ 116 c2
Event: 13.136 Thread 0x00007f28c0119800 Uncommon trap: reason=speculate_null_assert action=make_not_entrant pc=0x00007f28db30f170 method=org.springframework.util.ConcurrentReferenceHashMap$Segment.restructureIfNecessary(Z)V @ 33 c2
Event: 13.137 Thread 0x00007f28c0119800 Uncommon trap: reason=class_check action=maybe_recompile pc=0x00007f28db32ae78 method=org.springframework.util.ConcurrentReferenceHashMap$Segment.findInChain(Lorg/springframework/util/ConcurrentReferenceHashMap$Reference;Ljava/lang/Object;I)Lorg/springfra
Event: 20.820 Thread 0x00007f28bd08e800 Uncommon trap: reason=class_check action=make_not_entrant pc=0x00007f28db3fc6f0 method=java.util.ArrayList.toArray([Ljava/lang/Object;)[Ljava/lang/Object; @ 21 c2

Classes redefined (0 events):
No events

Internal exceptions (10 events):
Event: 20.342 Thread 0x00007f28bd08e800 Exception <a 'java/lang/ClassNotFoundException'{0x00000000f161dfe8}: org/springframework/web/servlet/theme/FixedThemeResolverCustomizer> (0x00000000f161dfe8) thrown at [/build/openjdk-lts-xioZJb/openjdk-lts-10.0.2+13/src/hotspot/share/classfile/systemDict
Event: 20.342 Thread 0x00007f28bd08e800 Exception <a 'java/lang/ClassNotFoundException'{0x00000000f162d738}: org/springframework/web/servlet/ThemeResolverCustomizer> (0x00000000f162d738) thrown at [/build/openjdk-lts-xioZJb/openjdk-lts-10.0.2+13/src/hotspot/share/classfile/systemDictionary.cpp,
Event: 20.351 Thread 0x00007f28bd08e800 Exception <a 'java/lang/ClassNotFoundException'{0x00000000f1649448}: java/lang/ObjectCustomizer> (0x00000000f1649448) thrown at [/build/openjdk-lts-xioZJb/openjdk-lts-10.0.2+13/src/hotspot/share/classfile/systemDictionary.cpp, line 233]
Event: 20.355 Thread 0x00007f28bd08e800 Exception <a 'java/lang/ClassNotFoundException'{0x00000000f165b1c8}: org/springframework/web/servlet/view/DefaultRequestToViewNameTranslatorCustomizer> (0x00000000f165b1c8) thrown at [/build/openjdk-lts-xioZJb/openjdk-lts-10.0.2+13/src/hotspot/share/class
Event: 20.358 Thread 0x00007f28bd08e800 Exception <a 'java/lang/ClassNotFoundException'{0x00000000f1678e20}: org/springframework/web/servlet/RequestToViewNameTranslatorCustomizer> (0x00000000f1678e20) thrown at [/build/openjdk-lts-xioZJb/openjdk-lts-10.0.2+13/src/hotspot/share/classfile/systemD
Event: 20.394 Thread 0x00007f28bd08e800 Exception <a 'java/lang/ClassNotFoundException'{0x00000000f16a9558}: java/lang/ObjectCustomizer> (0x00000000f16a9558) thrown at [/build/openjdk-lts-xioZJb/openjdk-lts-10.0.2+13/src/hotspot/share/classfile/systemDictionary.cpp, line 233]
Event: 20.396 Thread 0x00007f28bd08e800 Exception <a 'java/lang/ClassNotFoundException'{0x00000000f16ba3f0}: org/springframework/web/servlet/support/AbstractFlashMapManagerCustomizer> (0x00000000f16ba3f0) thrown at [/build/openjdk-lts-xioZJb/openjdk-lts-10.0.2+13/src/hotspot/share/classfile/sys
Event: 20.397 Thread 0x00007f28bd08e800 Exception <a 'java/lang/ClassNotFoundException'{0x00000000f16ccee8}: org/springframework/web/servlet/support/SessionFlashMapManagerCustomizer> (0x00000000f16ccee8) thrown at [/build/openjdk-lts-xioZJb/openjdk-lts-10.0.2+13/src/hotspot/share/classfile/syst
Event: 20.398 Thread 0x00007f28bd08e800 Exception <a 'java/lang/ClassNotFoundException'{0x00000000f16dbca8}: org/springframework/web/servlet/FlashMapManagerCustomizer> (0x00000000f16dbca8) thrown at [/build/openjdk-lts-xioZJb/openjdk-lts-10.0.2+13/src/hotspot/share/classfile/systemDictionary.cp
Event: 20.725 Thread 0x00007f28bd08e800 Exception <a 'java/lang/NoSuchMethodError'{0x00000000f0bd15f0}: java.lang.Object.lambda$union$1(Ljava/util/regex/Pattern$CharPredicate;I)Z> (0x00000000f0bd15f0) thrown at [/build/openjdk-lts-xioZJb/openjdk-lts-10.0.2+13/src/hotspot/share/interpreter/linkR

Events (10 events):
Event: 22.601 Executing VM operation: RevokeBias
Event: 22.601 Executing VM operation: RevokeBias done
Event: 39.662 loading class org/apache/catalina/webresources/Cache$EvictionOrder
Event: 39.662 loading class org/apache/catalina/webresources/Cache$EvictionOrder done
Event: 40.186 loading class org/apache/tomcat/PeriodicEventListener
Event: 40.186 loading class org/apache/tomcat/PeriodicEventListener done
Event: 40.881 Executing VM operation: RevokeBias
Event: 40.894 Executing VM operation: RevokeBias done
Event: 40.990 Executing VM operation: RevokeBias
Event: 40.990 Executing VM operation: RevokeBias done


Dynamic libraries:
f0800000-f1aa0000 rw-p 00000000 00:00 0 
f1aa0000-f5aa0000 ---p 00000000 00:00 0 
f5aa0000-f7fbb000 rw-p 00000000 00:00 0 
f7fbb000-100000000 ---p 00000000 00:00 0 
100000000-1007c0000 rw-p 00000000 00:00 0 
1007c0000-140000000 ---p 00000000 00:00 0 
55939deb8000-55939deb9000 r-xp 00000000 08:01 1721112                    /usr/lib/jvm/java-11-openjdk-amd64/bin/java
55939e0b9000-55939e0ba000 r--p 00001000 08:01 1721112                    /usr/lib/jvm/java-11-openjdk-amd64/bin/java
55939e0ba000-55939e0bb000 rw-p 00002000 08:01 1721112                    /usr/lib/jvm/java-11-openjdk-amd64/bin/java
55939e7f2000-55939e87c000 rw-p 00000000 00:00 0                          [heap]
7f28b0388000-7f28b0408000 rw-p 00000000 00:00 0 
7f28b0408000-7f28b0588000 ---p 00000000 00:00 0 
7f28b0588000-7f28b058c000 ---p 00000000 00:00 0 
7f28b058c000-7f28b0689000 rw-p 00000000 00:00 0 
7f28b0689000-7f28b068d000 ---p 00000000 00:00 0 
7f28b068d000-7f28b078a000 rw-p 00000000 00:00 0 
7f28b078a000-7f28b078e000 ---p 00000000 00:00 0 
7f28b078e000-7f28b088b000 rw-p 00000000 00:00 0 
7f28b088b000-7f28b088f000 ---p 00000000 00:00 0 
7f28b088f000-7f28b098c000 rw-p 00000000 00:00 0 
7f28b098c000-7f28b0990000 ---p 00000000 00:00 0 
7f28b0990000-7f28b0a8d000 rw-p 00000000 00:00 0 
7f28b0a8d000-7f28b0a91000 ---p 00000000 00:00 0 
7f28b0a91000-7f28b0b8e000 rw-p 00000000 00:00 0 
7f28b0b8e000-7f28b0b92000 ---p 00000000 00:00 0 
7f28b0b92000-7f28b0c8f000 rw-p 00000000 00:00 0 
7f28b0c8f000-7f28b0c93000 ---p 00000000 00:00 0 
7f28b0c93000-7f28b0d90000 rw-p 00000000 00:00 0 
7f28b0d90000-7f28b0d94000 ---p 00000000 00:00 0 
7f28b0d94000-7f28b0e91000 rw-p 00000000 00:00 0 
7f28b0e91000-7f28b0e95000 ---p 00000000 00:00 0 
7f28b0e95000-7f28b0f92000 rw-p 00000000 00:00 0 
7f28b0f92000-7f28b0f96000 ---p 00000000 00:00 0 
7f28b0f96000-7f28b1093000 rw-p 00000000 00:00 0 
7f28b1093000-7f28b1097000 ---p 00000000 00:00 0 
7f28b1097000-7f28b1194000 rw-p 00000000 00:00 0 
7f28b1194000-7f28b1198000 ---p 00000000 00:00 0 
7f28b1198000-7f28b1295000 rw-p 00000000 00:00 0 
7f28b1295000-7f28b1299000 ---p 00000000 00:00 0 
7f28b1299000-7f28b1396000 rw-p 00000000 00:00 0 
7f28b1396000-7f28b139a000 ---p 00000000 00:00 0 
7f28b139a000-7f28b1497000 rw-p 00000000 00:00 0 
7f28b1497000-7f28b1498000 r-xp 00000000 08:01 1853485                    /usr/lib/jvm/java-11-openjdk-amd64/lib/libextnet.so
7f28b1498000-7f28b1697000 ---p 00001000 08:01 1853485                    /usr/lib/jvm/java-11-openjdk-amd64/lib/libextnet.so
7f28b1697000-7f28b1698000 r--p 00000000 08:01 1853485                    /usr/lib/jvm/java-11-openjdk-amd64/lib/libextnet.so
7f28b1698000-7f28b1699000 rw-p 00001000 08:01 1853485                    /usr/lib/jvm/java-11-openjdk-amd64/lib/libextnet.so
7f28b1699000-7f28b1899000 rw-p 00000000 00:00 0 
7f28b1899000-7f28b1a99000 rw-p 00000000 00:00 0 
7f28b1a99000-7f28b1c99000 rw-p 00000000 00:00 0 
7f28b1c99000-7f28b1e99000 rw-p 00000000 00:00 0 
7f28b1f22000-7f28b1f26000 ---p 00000000 00:00 0 
7f28b1f26000-7f28b2223000 rw-p 00000000 00:00 0 
7f28b2223000-7f28b2423000 rw-p 00000000 00:00 0 
7f28b2423000-7f28b2623000 rw-p 00000000 00:00 0 
7f28b2623000-7f28b2627000 ---p 00000000 00:00 0 
7f28b2627000-7f28b2724000 rw-p 00000000 00:00 0 
7f28b2724000-7f28b2728000 ---p 00000000 00:00 0 
7f28b2728000-7f28b2a25000 rw-p 00000000 00:00 0 
7f28b2a25000-7f28b2c25000 rw-p 00000000 00:00 0 
7f28b2c25000-7f28b2c29000 ---p 00000000 00:00 0 
7f28b2c29000-7f28b2d26000 rw-p 00000000 00:00 0 
7f28b2d26000-7f28b2d2a000 ---p 00000000 00:00 0 
7f28b2d2a000-7f28b3027000 rw-p 00000000 00:00 0 
7f28b3027000-7f28b3227000 rw-p 00000000 00:00 0 
7f28b3227000-7f28b3427000 rw-p 00000000 00:00 0 
7f28b34ff000-7f28b36ff000 rw-p 00000000 00:00 0 
7f28b36ff000-7f28b38ff000 rw-p 00000000 00:00 0 
7f28b38ff000-7f28b3aff000 rw-p 00000000 00:00 0 
7f28b3aff000-7f28b3b03000 ---p 00000000 00:00 0 
7f28b3b03000-7f28b3e00000 rw-p 00000000 00:00 0 
7f28b3e00000-7f28b4000000 rw-p 00000000 00:00 0 
7f28b4000000-7f28b525d000 rw-p 00000000 00:00 0 
7f28b525d000-7f28b8000000 ---p 00000000 00:00 0 
7f28b8000000-7f28b8021000 rw-p 00000000 00:00 0 
7f28b8021000-7f28bc000000 ---p 00000000 00:00 0 
7f28bc000000-7f28bd0ba000 rw-p 00000000 00:00 0 
7f28bd0ba000-7f28c0000000 ---p 00000000 00:00 0 
7f28c0000000-7f28c2544000 rw-p 00000000 00:00 0 
7f28c2544000-7f28c4000000 ---p 00000000 00:00 0 
7f28c4000000-7f28c4031000 rw-p 00000000 00:00 0 
7f28c4031000-7f28c8000000 ---p 00000000 00:00 0 
7f28c8000000-7f28c82f7000 rw-p 00000000 00:00 0 
7f28c82f7000-7f28cc000000 ---p 00000000 00:00 0 
7f28cc000000-7f28cc0a1000 rw-p 00000000 00:00 0 
7f28cc0a1000-7f28d0000000 ---p 00000000 00:00 0 
7f28d0049000-7f28d0249000 rw-p 00000000 00:00 0 
7f28d0249000-7f28d0449000 rw-p 00000000 00:00 0 
7f28d0449000-7f28d0649000 rw-p 00000000 00:00 0 
7f28d0649000-7f28d0849000 rw-p 00000000 00:00 0 
7f28d0849000-7f28d0a49000 rw-p 00000000 00:00 0 
7f28d0a49000-7f28d0a4d000 ---p 00000000 00:00 0 
7f28d0a4d000-7f28d0b4a000 rw-p 00000000 00:00 0 
7f28d0b4a000-7f28d0b4e000 ---p 00000000 00:00 0 
7f28d0b4e000-7f28d0c4b000 rw-p 00000000 00:00 0 
7f28d0c4b000-7f28d0c4f000 ---p 00000000 00:00 0 
7f28d0c4f000-7f28d0f4c000 rw-p 00000000 00:00 0 
7f28d0f4c000-7f28d0f51000 r-xp 00000000 08:01 1853502                    /usr/lib/jvm/java-11-openjdk-amd64/lib/libmanagement_ext.so
7f28d0f51000-7f28d1150000 ---p 00005000 08:01 1853502                    /usr/lib/jvm/java-11-openjdk-amd64/lib/libmanagement_ext.so
7f28d1150000-7f28d1151000 r--p 00004000 08:01 1853502                    /usr/lib/jvm/java-11-openjdk-amd64/lib/libmanagement_ext.so
7f28d1151000-7f28d1152000 rw-p 00005000 08:01 1853502                    /usr/lib/jvm/java-11-openjdk-amd64/lib/libmanagement_ext.so
7f28d1152000-7f28d1156000 r-xp 00000000 08:01 1853500                    /usr/lib/jvm/java-11-openjdk-amd64/lib/libmanagement.so
7f28d1156000-7f28d1355000 ---p 00004000 08:01 1853500                    /usr/lib/jvm/java-11-openjdk-amd64/lib/libmanagement.so
7f28d1355000-7f28d1356000 r--p 00003000 08:01 1853500                    /usr/lib/jvm/java-11-openjdk-amd64/lib/libmanagement.so
7f28d1356000-7f28d1357000 rw-p 00004000 08:01 1853500                    /usr/lib/jvm/java-11-openjdk-amd64/lib/libmanagement.so
7f28d1357000-7f28d1557000 rw-p 00000000 00:00 0 
7f28d1557000-7f28d156e000 r-xp 00000000 08:01 1853504                    /usr/lib/jvm/java-11-openjdk-amd64/lib/libnet.so
7f28d156e000-7f28d176d000 ---p 00017000 08:01 1853504                    /usr/lib/jvm/java-11-openjdk-amd64/lib/libnet.so
7f28d176d000-7f28d176e000 r--p 00016000 08:01 1853504                    /usr/lib/jvm/java-11-openjdk-amd64/lib/libnet.so
7f28d176e000-7f28d176f000 rw-p 00017000 08:01 1853504                    /usr/lib/jvm/java-11-openjdk-amd64/lib/libnet.so
7f28d176f000-7f28d1780000 r-xp 00000000 08:01 1853505                    /usr/lib/jvm/java-11-openjdk-amd64/lib/libnio.so
7f28d1780000-7f28d197f000 ---p 00011000 08:01 1853505                    /usr/lib/jvm/java-11-openjdk-amd64/lib/libnio.so
7f28d197f000-7f28d1980000 r--p 00010000 08:01 1853505                    /usr/lib/jvm/java-11-openjdk-amd64/lib/libnio.so
7f28d1980000-7f28d1981000 rw-p 00011000 08:01 1853505                    /usr/lib/jvm/java-11-openjdk-amd64/lib/libnio.so
7f28d1981000-7f28d1985000 ---p 00000000 00:00 0 
7f28d1985000-7f28d1a82000 rw-p 00000000 00:00 0 
7f28d1a82000-7f28d1a83000 ---p 00000000 00:00 0 
7f28d1a83000-7f28d1b84000 rw-p 00000000 00:00 0 
7f28d1b84000-7f28d1b88000 ---p 00000000 00:00 0 
7f28d1b88000-7f28d1c85000 rw-p 00000000 00:00 0 
7f28d1c85000-7f28d1c89000 ---p 00000000 00:00 0 
7f28d1c89000-7f28d1d86000 rw-p 00000000 00:00 0 
7f28d1d86000-7f28d1d8a000 ---p 00000000 00:00 0 
7f28d1d8a000-7f28d1e87000 rw-p 00000000 00:00 0 
7f28d1e87000-7f28d1e8b000 ---p 00000000 00:00 0 
7f28d1e8b000-7f28d1f88000 rw-p 00000000 00:00 0 
7f28d1f88000-7f28d1f8c000 ---p 00000000 00:00 0 
7f28d1f8c000-7f28d2089000 rw-p 00000000 00:00 0 
7f28d2089000-7f28d2a58000 r--p 00000000 08:01 1710683                    /usr/lib/locale/locale-archive
7f28d2a58000-7f28d2a5c000 ---p 00000000 00:00 0 
7f28d2a5c000-7f28d2b59000 rw-p 00000000 00:00 0 
7f28d2b59000-7f28d2b5d000 ---p 00000000 00:00 0 
7f28d2b5d000-7f28d2c5a000 rw-p 00000000 00:00 0 
7f28d2c5a000-7f28d2c5b000 ---p 00000000 00:00 0 
7f28d2c5b000-7f28d362d000 rw-p 00000000 00:00 0 
7f28d362d000-7f28d3632000 rw-p 00000000 00:00 0 
7f28d3632000-7f28d3718000 ---p 00000000 00:00 0 
7f28d3718000-7f28d3988000 rwxp 00000000 00:00 0 
7f28d3988000-7f28d3ca7000 ---p 00000000 00:00 0 
7f28d3ca7000-7f28d46b7000 rwxp 00000000 00:00 0 
7f28d46c7000-7f28db1df000 ---p 00000000 00:00 0 
7f28db1df000-7f28db44f000 rwxp 00000000 00:00 0 
7f28db44f000-7f28e2718000 ---p 00000000 00:00 0 
7f28e2718000-7f28ebbf2000 r--s 00000000 08:01 1853514                    /usr/lib/jvm/java-11-openjdk-amd64/lib/modules
7f28ebbf2000-7f28ebbf7000 r-xp 00000000 08:01 1853496                    /usr/lib/jvm/java-11-openjdk-amd64/lib/libjimage.so
7f28ebbf7000-7f28ebdf6000 ---p 00005000 08:01 1853496                    /usr/lib/jvm/java-11-openjdk-amd64/lib/libjimage.so
7f28ebdf6000-7f28ebdf7000 r--p 00004000 08:01 1853496                    /usr/lib/jvm/java-11-openjdk-amd64/lib/libjimage.so
7f28ebdf7000-7f28ebdf8000 rw-p 00005000 08:01 1853496                    /usr/lib/jvm/java-11-openjdk-amd64/lib/libjimage.so
7f28ebdf8000-7f28ebdff000 r-xp 00000000 08:01 1853513                    /usr/lib/jvm/java-11-openjdk-amd64/lib/libzip.so
7f28ebdff000-7f28ebffe000 ---p 00007000 08:01 1853513                    /usr/lib/jvm/java-11-openjdk-amd64/lib/libzip.so
7f28ebffe000-7f28ebfff000 r--p 00006000 08:01 1853513                    /usr/lib/jvm/java-11-openjdk-amd64/lib/libzip.so
7f28ebfff000-7f28ec000000 rw-p 00007000 08:01 1853513                    /usr/lib/jvm/java-11-openjdk-amd64/lib/libzip.so
7f28ec000000-7f28ec6fa000 rw-p 00000000 00:00 0 
7f28ec6fa000-7f28f0000000 ---p 00000000 00:00 0 
7f28f0009000-7f28f0077000 rw-p 00000000 00:00 0 
7f28f0077000-7f28f014d000 ---p 00000000 00:00 0 
7f28f014d000-7f28f0158000 r-xp 00000000 08:01 792266                     /lib/x86_64-linux-gnu/libnss_files-2.27.so
7f28f0158000-7f28f0357000 ---p 0000b000 08:01 792266                     /lib/x86_64-linux-gnu/libnss_files-2.27.so
7f28f0357000-7f28f0358000 r--p 0000a000 08:01 792266                     /lib/x86_64-linux-gnu/libnss_files-2.27.so
7f28f0358000-7f28f0359000 rw-p 0000b000 08:01 792266                     /lib/x86_64-linux-gnu/libnss_files-2.27.so
7f28f0359000-7f28f035f000 rw-p 00000000 00:00 0 
7f28f035f000-7f28f0376000 r-xp 00000000 08:01 792260                     /lib/x86_64-linux-gnu/libnsl-2.27.so
7f28f0376000-7f28f0575000 ---p 00017000 08:01 792260                     /lib/x86_64-linux-gnu/libnsl-2.27.so
7f28f0575000-7f28f0576000 r--p 00016000 08:01 792260                     /lib/x86_64-linux-gnu/libnsl-2.27.so
7f28f0576000-7f28f0577000 rw-p 00017000 08:01 792260                     /lib/x86_64-linux-gnu/libnsl-2.27.so
7f28f0577000-7f28f0579000 rw-p 00000000 00:00 0 
7f28f0579000-7f28f0584000 r-xp 00000000 08:01 792277                     /lib/x86_64-linux-gnu/libnss_nis-2.27.so
7f28f0584000-7f28f0783000 ---p 0000b000 08:01 792277                     /lib/x86_64-linux-gnu/libnss_nis-2.27.so
7f28f0783000-7f28f0784000 r--p 0000a000 08:01 792277                     /lib/x86_64-linux-gnu/libnss_nis-2.27.so
7f28f0784000-7f28f0785000 rw-p 0000b000 08:01 792277                     /lib/x86_64-linux-gnu/libnss_nis-2.27.so
7f28f0785000-7f28f078d000 r-xp 00000000 08:01 792262                     /lib/x86_64-linux-gnu/libnss_compat-2.27.so
7f28f078d000-7f28f098d000 ---p 00008000 08:01 792262                     /lib/x86_64-linux-gnu/libnss_compat-2.27.so
7f28f098d000-7f28f098e000 r--p 00008000 08:01 792262                     /lib/x86_64-linux-gnu/libnss_compat-2.27.so
7f28f098e000-7f28f098f000 rw-p 00009000 08:01 792262                     /lib/x86_64-linux-gnu/libnss_compat-2.27.so
7f28f098f000-7f28f09bb000 r-xp 00000000 08:01 1853492                    /usr/lib/jvm/java-11-openjdk-amd64/lib/libjava.so
7f28f09bb000-7f28f0bba000 ---p 0002c000 08:01 1853492                    /usr/lib/jvm/java-11-openjdk-amd64/lib/libjava.so
7f28f0bba000-7f28f0bbb000 r--p 0002b000 08:01 1853492                    /usr/lib/jvm/java-11-openjdk-amd64/lib/libjava.so
7f28f0bbb000-7f28f0bbd000 rw-p 0002c000 08:01 1853492                    /usr/lib/jvm/java-11-openjdk-amd64/lib/libjava.so
7f28f0bbd000-7f28f0bca000 r-xp 00000000 08:01 1853512                    /usr/lib/jvm/java-11-openjdk-amd64/lib/libverify.so
7f28f0bca000-7f28f0dc9000 ---p 0000d000 08:01 1853512                    /usr/lib/jvm/java-11-openjdk-amd64/lib/libverify.so
7f28f0dc9000-7f28f0dcb000 r--p 0000c000 08:01 1853512                    /usr/lib/jvm/java-11-openjdk-amd64/lib/libverify.so
7f28f0dcb000-7f28f0dcc000 rw-p 0000e000 08:01 1853512                    /usr/lib/jvm/java-11-openjdk-amd64/lib/libverify.so
7f28f0dcc000-7f28f0dd3000 r-xp 00000000 08:01 792317                     /lib/x86_64-linux-gnu/librt-2.27.so
7f28f0dd3000-7f28f0fd2000 ---p 00007000 08:01 792317                     /lib/x86_64-linux-gnu/librt-2.27.so
7f28f0fd2000-7f28f0fd3000 r--p 00006000 08:01 792317                     /lib/x86_64-linux-gnu/librt-2.27.so
7f28f0fd3000-7f28f0fd4000 rw-p 00007000 08:01 792317                     /lib/x86_64-linux-gnu/librt-2.27.so
7f28f0fd4000-7f28f0feb000 r-xp 00000000 08:01 792213                     /lib/x86_64-linux-gnu/libgcc_s.so.1
7f28f0feb000-7f28f11ea000 ---p 00017000 08:01 792213                     /lib/x86_64-linux-gnu/libgcc_s.so.1
7f28f11ea000-7f28f11eb000 r--p 00016000 08:01 792213                     /lib/x86_64-linux-gnu/libgcc_s.so.1
7f28f11eb000-7f28f11ec000 rw-p 00017000 08:01 792213                     /lib/x86_64-linux-gnu/libgcc_s.so.1
7f28f11ec000-7f28f1389000 r-xp 00000000 08:01 792239                     /lib/x86_64-linux-gnu/libm-2.27.so
7f28f1389000-7f28f1588000 ---p 0019d000 08:01 792239                     /lib/x86_64-linux-gnu/libm-2.27.so
7f28f1588000-7f28f1589000 r--p 0019c000 08:01 792239                     /lib/x86_64-linux-gnu/libm-2.27.so
7f28f1589000-7f28f158a000 rw-p 0019d000 08:01 792239                     /lib/x86_64-linux-gnu/libm-2.27.so
7f28f158a000-7f28f1708000 r-xp 00000000 08:01 1715272                    /usr/lib/x86_64-linux-gnu/libstdc++.so.6.0.25
7f28f1708000-7f28f1908000 ---p 0017e000 08:01 1715272                    /usr/lib/x86_64-linux-gnu/libstdc++.so.6.0.25
7f28f1908000-7f28f1912000 r--p 0017e000 08:01 1715272                    /usr/lib/x86_64-linux-gnu/libstdc++.so.6.0.25
7f28f1912000-7f28f1914000 rw-p 00188000 08:01 1715272                    /usr/lib/x86_64-linux-gnu/libstdc++.so.6.0.25
7f28f1914000-7f28f1918000 rw-p 00000000 00:00 0 
7f28f1918000-7f28f28b5000 r-xp 00000000 08:01 1853517                    /usr/lib/jvm/java-11-openjdk-amd64/lib/server/libjvm.so
7f28f28b5000-7f28f2ab5000 ---p 00f9d000 08:01 1853517                    /usr/lib/jvm/java-11-openjdk-amd64/lib/server/libjvm.so
7f28f2ab5000-7f28f2b79000 r--p 00f9d000 08:01 1853517                    /usr/lib/jvm/java-11-openjdk-amd64/lib/server/libjvm.so
7f28f2b79000-7f28f2bb1000 rw-p 01061000 08:01 1853517                    /usr/lib/jvm/java-11-openjdk-amd64/lib/server/libjvm.so
7f28f2bb1000-7f28f2bfa000 rw-p 00000000 00:00 0 
7f28f2bfa000-7f28f2c14000 r-xp 00000000 08:01 792309                     /lib/x86_64-linux-gnu/libpthread-2.27.so
7f28f2c14000-7f28f2e13000 ---p 0001a000 08:01 792309                     /lib/x86_64-linux-gnu/libpthread-2.27.so
7f28f2e13000-7f28f2e14000 r--p 00019000 08:01 792309                     /lib/x86_64-linux-gnu/libpthread-2.27.so
7f28f2e14000-7f28f2e15000 rw-p 0001a000 08:01 792309                     /lib/x86_64-linux-gnu/libpthread-2.27.so
7f28f2e15000-7f28f2e19000 rw-p 00000000 00:00 0 
7f28f2e19000-7f28f2e1c000 r-xp 00000000 08:01 792199                     /lib/x86_64-linux-gnu/libdl-2.27.so
7f28f2e1c000-7f28f301b000 ---p 00003000 08:01 792199                     /lib/x86_64-linux-gnu/libdl-2.27.so
7f28f301b000-7f28f301c000 r--p 00002000 08:01 792199                     /lib/x86_64-linux-gnu/libdl-2.27.so
7f28f301c000-7f28f301d000 rw-p 00003000 08:01 792199                     /lib/x86_64-linux-gnu/libdl-2.27.so
7f28f301d000-7f28f3039000 r-xp 00000000 08:01 792348                     /lib/x86_64-linux-gnu/libz.so.1.2.11
7f28f3039000-7f28f3238000 ---p 0001c000 08:01 792348                     /lib/x86_64-linux-gnu/libz.so.1.2.11
7f28f3238000-7f28f3239000 r--p 0001b000 08:01 792348                     /lib/x86_64-linux-gnu/libz.so.1.2.11
7f28f3239000-7f28f323a000 rw-p 0001c000 08:01 792348                     /lib/x86_64-linux-gnu/libz.so.1.2.11
7f28f323a000-7f28f3421000 r-xp 00000000 08:01 792176                     /lib/x86_64-linux-gnu/libc-2.27.so
7f28f3421000-7f28f3621000 ---p 001e7000 08:01 792176                     /lib/x86_64-linux-gnu/libc-2.27.so
7f28f3621000-7f28f3625000 r--p 001e7000 08:01 792176                     /lib/x86_64-linux-gnu/libc-2.27.so
7f28f3625000-7f28f3627000 rw-p 001eb000 08:01 792176                     /lib/x86_64-linux-gnu/libc-2.27.so
7f28f3627000-7f28f362b000 rw-p 00000000 00:00 0 
7f28f362b000-7f28f363a000 r-xp 00000000 08:01 1853477                    /usr/lib/jvm/java-11-openjdk-amd64/lib/jli/libjli.so
7f28f363a000-7f28f3839000 ---p 0000f000 08:01 1853477                    /usr/lib/jvm/java-11-openjdk-amd64/lib/jli/libjli.so
7f28f3839000-7f28f383a000 r--p 0000e000 08:01 1853477                    /usr/lib/jvm/java-11-openjdk-amd64/lib/jli/libjli.so
7f28f383a000-7f28f383b000 rw-p 0000f000 08:01 1853477                    /usr/lib/jvm/java-11-openjdk-amd64/lib/jli/libjli.so
7f28f383b000-7f28f3862000 r-xp 00000000 08:01 792148                     /lib/x86_64-linux-gnu/ld-2.27.so
7f28f386f000-7f28f3882000 rw-p 00000000 00:00 0 
7f28f3882000-7f28f38c2000 ---p 00000000 00:00 0 
7f28f38c2000-7f28f38cc000 rw-p 00000000 00:00 0 
7f28f38cc000-7f28f38eb000 ---p 00000000 00:00 0 
7f28f38eb000-7f28f38fe000 rw-p 00000000 00:00 0 
7f28f38fe000-7f28f393e000 ---p 00000000 00:00 0 
7f28f393e000-7f28f3944000 rw-p 00000000 00:00 0 
7f28f3944000-7f28f394b000 ---p 00000000 00:00 0 
7f28f394b000-7f28f394f000 ---p 00000000 00:00 0 
7f28f394f000-7f28f3a4e000 rw-p 00000000 00:00 0 
7f28f3a56000-7f28f3a5e000 rw-s 00000000 08:01 542321                     /tmp/hsperfdata_vagrant/2920
7f28f3a5e000-7f28f3a5f000 ---p 00000000 00:00 0 
7f28f3a5f000-7f28f3a60000 r--p 00000000 00:00 0 
7f28f3a60000-7f28f3a62000 rw-p 00000000 00:00 0 
7f28f3a62000-7f28f3a63000 r--p 00027000 08:01 792148                     /lib/x86_64-linux-gnu/ld-2.27.so
7f28f3a63000-7f28f3a64000 rw-p 00028000 08:01 792148                     /lib/x86_64-linux-gnu/ld-2.27.so
7f28f3a64000-7f28f3a65000 rw-p 00000000 00:00 0 
7ffd470b9000-7ffd470dc000 rw-p 00000000 00:00 0                          [stack]
7ffd4716c000-7ffd4716f000 r--p 00000000 00:00 0                          [vvar]
7ffd4716f000-7ffd47171000 r-xp 00000000 00:00 0                          [vdso]
ffffffffff600000-ffffffffff601000 r-xp 00000000 00:00 0                  [vsyscall]


VM Arguments:
java_command: org.morehouse.restapp.RestappApplication
java_class_path (initial): /home/vagrant/Documents/handouts/restboot/target/classes:/home/vagrant/.m2/repository/org/springframework/spring-aop/5.0.8.RELEASE/spring-aop-5.0.8.RELEASE.jar:/home/vagrant/.m2/repository/org/apache/tomcat/embed/tomcat-embed-websocket/8.5.32/tomcat-embed-websocket-8.5.32.jar:/home/vagrant/.m2/repository/org/apache/httpcomponents/httpcore/4.4.10/httpcore-4.4.10.jar:/home/vagrant/.m2/repository/org/hamcrest/hamcrest-library/1.3/hamcrest-library-1.3.jar:/home/vagrant/.m2/repository/org/hibernate/common/hibernate-commons-annotations/5.0.1.Final/hibernate-commons-annotations-5.0.1.Final.jar:/home/vagrant/.m2/repository/org/apache/tomcat/embed/tomcat-embed-el/8.5.32/tomcat-embed-el-8.5.32.jar:/home/vagrant/.m2/repository/org/springframework/boot/spring-boot/2.0.4.RELEASE/spring-boot-2.0.4.RELEASE.jar:/home/vagrant/.m2/repository/org/apache/commons/commons-lang3/3.7/commons-lang3-3.7.jar:/home/vagrant/.m2/repository/javax/validation/validation-api/2.0.1.Final/validation-api-2.0.1.Final.jar:/home/vagrant/.m2/repository/com/fasterxml/jackson/module/jackson-module-jaxb-annotations/2.9.6/jackson-module-jaxb-annotations-2.9.6.jar:/home/vagrant/.m2/repository/org/codehaus/groovy/groovy/2.4.15/groovy-2.4.15.jar:/home/vagrant/.m2/repository/org/springframework/spring-web/5.0.8.RELEASE/spring-web-5.0.8.RELEASE.jar:/home/vagrant/.m2/repository/org/springframework/spring-expression/5.0.8.RELEASE/spring-expression-5.0.8.RELEASE.jar:/home/vagrant/.m2/repository/antlr/antlr/2.7.7/antlr-2.7.7.jar:/home/vagrant/.m2/repository/org/springframework/spring-jcl/5.0.8.RELEASE/spring-jcl-5.0.8.RELEASE.jar:/home/vagrant/.m2/repository/org/springframework/spring-beans/5.0.8.RELEASE/spring-beans-5.0.8.RELEASE.jar:/home/vagrant/.m2/repository/org/springframework/spring-orm/5.0.8.RELEASE/spring-orm-5.0.8.RELEASE.jar:/home/vagrant/.m2/repository/org/apache/httpcomponents/httpmime/4.5.6/httpmime-4.5.6.jar:/home/vagrant/.m2/repository/com/fasterxml/classmate/1.3.4/classmate
Launcher Type: SUN_STANDARD

Logging:
Log output configuration:
#0: stdout all=warning uptime,level,tags
#1: stderr all=off uptime,level,tags

Environment Variables:
PATH=/home/vagrant/.sdkman/candidates/springboot/current/bin:/home/vagrant/.local/bin:/usr/local/sbin:/usr/local/bin:/usr/sbin:/usr/bin:/sbin:/bin:/usr/games:/usr/local/games:/snap/bin
USERNAME=vagrant
SHELL=/bin/bash
DISPLAY=:0

Signal Handlers:
SIGSEGV: [libjvm.so+0xd28ad0], sa_mask[0]=11111111011111111101111111111110, sa_flags=SA_RESTART|SA_SIGINFO
SIGBUS: [libjvm.so+0xd28ad0], sa_mask[0]=11111111011111111101111111111110, sa_flags=SA_RESTART|SA_SIGINFO
SIGFPE: [libjvm.so+0xd28ad0], sa_mask[0]=11111111011111111101111111111110, sa_flags=SA_RESTART|SA_SIGINFO
SIGPIPE: [libjvm.so+0xb2a150], sa_mask[0]=11111111011111111101111111111110, sa_flags=SA_RESTART|SA_SIGINFO
SIGXFSZ: [libjvm.so+0xb2a150], sa_mask[0]=11111111011111111101111111111110, sa_flags=SA_RESTART|SA_SIGINFO
SIGILL: [libjvm.so+0xd28ad0], sa_mask[0]=11111111011111111101111111111110, sa_flags=SA_RESTART|SA_SIGINFO
SIGUSR2: [libjvm.so+0xb29f90], sa_mask[0]=00100000000000000000000000000000, sa_flags=SA_RESTART|SA_SIGINFO
SIGHUP: [libjvm.so+0xb2a0e0], sa_mask[0]=11111111011111111101111111111110, sa_flags=SA_RESTART|SA_SIGINFO
SIGINT: [libjvm.so+0xb2a0e0], sa_mask[0]=11111111011111111101111111111110, sa_flags=SA_RESTART|SA_SIGINFO
SIGTERM: [libjvm.so+0xb2a0e0], sa_mask[0]=11111111011111111101111111111110, sa_flags=SA_RESTART|SA_SIGINFO
SIGQUIT: [libjvm.so+0xb2a0e0], sa_mask[0]=11111111011111111101111111111110, sa_flags=SA_RESTART|SA_SIGINFO


---------------  S Y S T E M  ---------------

OS:DISTRIB_ID=Ubuntu
DISTRIB_RELEASE=18.04
DISTRIB_CODENAME=bionic
DISTRIB_DESCRIPTION="Ubuntu 18.04.1 LTS"
uname:Linux 4.15.0-34-generic #37-Ubuntu SMP Mon Aug 27 15:21:48 UTC 2018 x86_64
libc:glibc 2.27 NPTL 2.27 
rlimit: STACK 8192k, CORE 0k, NPROC 3705, NOFILE 4096, AS infinity, DATA infinity, FSIZE infinity
load average:3.53 1.43 0.87

/proc/meminfo:
MemTotal:        1009120 kB
MemFree:           48772 kB
MemAvailable:          0 kB
Buffers:             248 kB
Cached:             7948 kB
SwapCached:          128 kB
Active:           414460 kB
Inactive:         415292 kB
Active(anon):     411696 kB
Inactive(anon):   411716 kB
Active(file):       2764 kB
Inactive(file):     3576 kB
Unevictable:          80 kB
Mlocked:              80 kB
SwapTotal:       1459804 kB
SwapFree:              0 kB
Dirty:                20 kB
Writeback:            32 kB
AnonPages:        821644 kB
Mapped:             4568 kB
Shmem:              1840 kB
Slab:              54248 kB
SReclaimable:      20624 kB
SUnreclaim:        33624 kB
KernelStack:        9840 kB
PageTables:        40008 kB
NFS_Unstable:          0 kB
Bounce:                0 kB
WritebackTmp:          0 kB
CommitLimit:     1964364 kB
Committed_AS:    5898300 kB
VmallocTotal:   34359738367 kB
VmallocUsed:           0 kB
VmallocChunk:          0 kB
HardwareCorrupted:     0 kB
AnonHugePages:         0 kB
ShmemHugePages:        0 kB
ShmemPmdMapped:        0 kB
CmaTotal:              0 kB
CmaFree:               0 kB
HugePages_Total:       0
HugePages_Free:        0
HugePages_Rsvd:        0
HugePages_Surp:        0
Hugepagesize:       2048 kB
DirectMap4k:      112576 kB
DirectMap2M:      935936 kB

container (cgroup) information:
container_type: cgroupv1
cpu_cpuset_cpus: 0
cpu_memory_nodes: 0
active_processor_count: 1
cpu_quota: -1
cpu_period: 100000
cpu_shares: -1
memory_limit_in_bytes: -1
memory_and_swap_limit_in_bytes: -2
memory_soft_limit_in_bytes: -1
memory_usage_in_bytes: 849793024
memory_max_usage_in_bytes: 0


CPU:total 1 (initial active 1) (1 cores per cpu, 1 threads per core) family 6 model 142 stepping 10, cmov, cx8, fxsr, mmx, sse, sse2, sse3, ssse3, sse4.1, sse4.2, popcnt, avx, avx2, aes, clmul, 3dnowpref, lzcnt, tsc, tscinvbit
CPU Model and flags from /proc/cpuinfo:
model name	: Intel(R) Core(TM) i5-8259U CPU @ 2.30GHz
flags		: fpu vme de pse tsc msr pae mce cx8 apic sep mtrr pge mca cmov pat pse36 clflush mmx fxsr sse sse2 syscall nx rdtscp lm constant_tsc rep_good nopl xtopology nonstop_tsc cpuid pni pclmulqdq monitor ssse3 cx16 pcid sse4_1 sse4_2 x2apic movbe popcnt aes xsave avx rdrand hypervisor lahf_lm abm 3dnowprefetch invpcid_single pti fsgsbase avx2 invpcid rdseed clflushopt flush_l1d

Memory: 4k page, physical 1009120k(48892k free), swap 1459804k(0k free)

vm_info: OpenJDK 64-Bit Server VM (10.0.2+13-Ubuntu-1ubuntu0.18.04.2) for linux-amd64 JRE (10.0.2+13-Ubuntu-1ubuntu0.18.04.2), built on Aug 24 2018 17:36:24 by "buildd" with gcc 7.3.0

END.
